Using pre-set license
Built from '2020.3/staging' branch; Version is '2020.3.32f1 (12f8b0834f07) revision 1243312'; Using compiler version '192528614'; Build Type 'Release'
OS: 'Windows 11  (10.0.22000) 64bit Professional' Language: 'es' Physical Memory: 16330 MB
BatchMode: 1, IsHumanControllingUs: 0, StartBugReporterOnCrash: 0, Is64bit: 1, IsPro: 0

COMMAND LINE ARGUMENTS:
C:\Program Files\Unity\Hub\Editor\2020.3.32f1\Editor\Unity.exe
-adb2
-batchMode
-noUpm
-name
AssetImportWorker0
-projectPath
C:/Users/Toni/Documents/GitHub/Starry-Night-VR/Starry Night VR
-logFile
Logs/AssetImportWorker0.log
-srvPort
53457
Successfully changed project path to: C:/Users/Toni/Documents/GitHub/Starry-Night-VR/Starry Night VR
C:/Users/Toni/Documents/GitHub/Starry-Night-VR/Starry Night VR
Using Asset Import Pipeline V2.
Refreshing native plugins compatible for Editor in 87.15 ms, found 5 plugins.
Preloading 1 native plugins for Editor in 0.78 ms.
Initialize engine version: 2020.3.32f1 (12f8b0834f07)
[Subsystems] Discovering subsystems at path C:/Program Files/Unity/Hub/Editor/2020.3.32f1/Editor/Data/Resources/UnitySubsystems
[Subsystems] Discovering subsystems at path C:/Users/Toni/Documents/GitHub/Starry-Night-VR/Starry Night VR/Assets
GfxDevice: creating device client; threaded=0
Direct3D:
    Version:  Direct3D 11.0 [level 11.1]
    Renderer: NVIDIA GeForce GTX 1060 6GB (ID=0x1c03)
    Vendor:   
    VRAM:     6052 MB
    Driver:   30.0.15.1296
Initialize mono
Mono path[0] = 'C:/Program Files/Unity/Hub/Editor/2020.3.32f1/Editor/Data/Managed'
Mono path[1] = 'C:/Program Files/Unity/Hub/Editor/2020.3.32f1/Editor/Data/MonoBleedingEdge/lib/mono/unityjit'
Mono config path = 'C:/Program Files/Unity/Hub/Editor/2020.3.32f1/Editor/Data/MonoBleedingEdge/etc'
Using monoOptions --debugger-agent=transport=dt_socket,embedding=1,server=y,suspend=n,address=127.0.0.1:56712
Begin MonoManager ReloadAssembly
Registering precompiled unity dll's ...
Register platform support module: C:/Program Files/Unity/Hub/Editor/2020.3.32f1/Editor/Data/PlaybackEngines/WindowsStandaloneSupport/UnityEditor.WindowsStandalone.Extensions.dll
Registered in 0.001593 seconds.
Native extension for WindowsStandalone target not found
Refreshing native plugins compatible for Editor in 79.16 ms, found 5 plugins.
Preloading 1 native plugins for Editor in 0.08 ms.
Mono: successfully reloaded assembly
- Completed reload, in  0.616 seconds
Domain Reload Profiling:
	ReloadAssembly (616ms)
		BeginReloadAssembly (59ms)
			ExecutionOrderSort (0ms)
			DisableScriptedObjects (0ms)
			BackupInstance (0ms)
			ReleaseScriptingObjects (0ms)
			CreateAndSetChildDomain (1ms)
		EndReloadAssembly (478ms)
			LoadAssemblies (57ms)
			RebuildTransferFunctionScriptingTraits (0ms)
			SetupTypeCache (146ms)
			ReleaseScriptCaches (0ms)
			RebuildScriptCaches (26ms)
			SetupLoadedEditorAssemblies (203ms)
				LogAssemblyErrors (0ms)
				InitializePlatformSupportModulesInManaged (3ms)
				SetLoadedEditorAssemblies (0ms)
				RefreshPlugins (79ms)
				BeforeProcessingInitializeOnLoad (15ms)
				ProcessInitializeOnLoadAttributes (78ms)
				ProcessInitializeOnLoadMethodAttributes (26ms)
				AfterProcessingInitializeOnLoad (0ms)
				EditorAssembliesLoaded (0ms)
			ExecutionOrderSort2 (0ms)
			AwakeInstancesAfterBackupRestoration (0ms)
Platform modules already initialized, skipping
Registering precompiled user dll's ...
Registered in 0.004634 seconds.
Begin MonoManager ReloadAssembly
Native extension for WindowsStandalone target not found
Refreshing native plugins compatible for Editor in 81.65 ms, found 5 plugins.
Preloading 1 native plugins for Editor in 0.07 ms.
[XR] OculusXRPlugin: registering subsystems
[XR] Unable to register display lifecyle provider: [1]
[XR] Oculus Input lifecycle provider registered.
[XR] Unable to register input lifecyle provider: [1]
System.Reflection.TargetInvocationException: Exception has been thrown by the target of an invocation. ---> System.NullReferenceException: Object reference not set to an instance of an object
  at Unity.XR.Oculus.OculusLoader.AssetPathToAbsolutePath (System.String assetPath) [0x00048] in C:\Users\Toni\Documents\GitHub\Starry-Night-VR\Starry Night VR\Library\PackageCache\com.unity.xr.oculus@1.11.2\Runtime\OculusLoader.cs:250 
  at Unity.XR.Oculus.OculusLoader.EditorLoadOVRPlugin () [0x0007b] in C:\Users\Toni\Documents\GitHub\Starry-Night-VR\Starry Night VR\Library\PackageCache\com.unity.xr.oculus@1.11.2\Runtime\OculusLoader.cs:235 
  at (wrapper managed-to-native) System.Reflection.MonoMethod.InternalInvoke(System.Reflection.MonoMethod,object,object[],System.Exception&)
  at System.Reflection.MonoMethod.Invoke (System.Object obj, System.Reflection.BindingFlags invokeAttr, System.Reflection.Binder binder, System.Object[] parameters, System.Globalization.CultureInfo culture) [0x00032] in <695d1cc93cca45069c528c15c9fdd749>:0 
   --- End of inner exception stack trace ---
  at System.Reflection.MonoMethod.Invoke (System.Object obj, System.Reflection.BindingFlags invokeAttr, System.Reflection.Binder binder, System.Object[] parameters, System.Globalization.CultureInfo culture) [0x00048] in <695d1cc93cca45069c528c15c9fdd749>:0 
  at System.Reflection.MethodBase.Invoke (System.Object obj, System.Object[] parameters) [0x00000] in <695d1cc93cca45069c528c15c9fdd749>:0 
  at UnityEditor.EditorAssemblies.ProcessInitializeOnLoadMethodAttributes () [0x00047] in <294703faec74477f8b275446429fba82>:0 
UnityEngine.StackTraceUtility:ExtractStackTrace ()
UnityEngine.DebugLogHandler:LogFormat (UnityEngine.LogType,UnityEngine.Object,string,object[])
UnityEngine.Logger:Log (UnityEngine.LogType,object)
UnityEngine.Debug:LogError (object)
UnityEditor.EditorAssemblies:ProcessInitializeOnLoadMethodAttributes ()

Mono: successfully reloaded assembly
- Completed reload, in  1.366 seconds
Domain Reload Profiling:
	ReloadAssembly (1367ms)
		BeginReloadAssembly (144ms)
			ExecutionOrderSort (0ms)
			DisableScriptedObjects (5ms)
			BackupInstance (0ms)
			ReleaseScriptingObjects (0ms)
			CreateAndSetChildDomain (16ms)
		EndReloadAssembly (1156ms)
			LoadAssemblies (100ms)
			RebuildTransferFunctionScriptingTraits (0ms)
			SetupTypeCache (399ms)
			ReleaseScriptCaches (1ms)
			RebuildScriptCaches (55ms)
			SetupLoadedEditorAssemblies (470ms)
				LogAssemblyErrors (0ms)
				InitializePlatformSupportModulesInManaged (3ms)
				SetLoadedEditorAssemblies (0ms)
				RefreshPlugins (82ms)
				BeforeProcessingInitializeOnLoad (111ms)
				ProcessInitializeOnLoadAttributes (244ms)
				ProcessInitializeOnLoadMethodAttributes (23ms)
				AfterProcessingInitializeOnLoad (6ms)
				EditorAssembliesLoaded (0ms)
			ExecutionOrderSort2 (0ms)
			AwakeInstancesAfterBackupRestoration (5ms)
Platform modules already initialized, skipping
========================================================================
Worker process is ready to serve import requests
Launched and connected shader compiler UnityShaderCompiler.exe after 0.06 seconds
Refreshing native plugins compatible for Editor in 0.99 ms, found 5 plugins.
Preloading 1 native plugins for Editor in 0.11 ms.
Unloading 3748 Unused Serialized files (Serialized files now loaded: 0)
System memory in use before: 237.4 MB.
System memory in use after: 237.6 MB.

Unloading 26 unused Assets to reduce memory usage. Loaded Objects now: 4202.
Total: 3.927000 ms (FindLiveObjects: 0.268300 ms CreateObjectMapping: 0.096000 ms MarkObjects: 3.466500 ms  DeleteObjects: 0.094900 ms)

AssetImportParameters requested are different than current active one (requested -> active):
  custom:framework-win-MediaFoundation: 216162199b28c13a410421893ffa2e32 -> 
  custom:video-decoder-ogg-theora: a1e56fd34408186e4bbccfd4996cb3dc -> 
  custom:container-muxer-webm: aa71ff27fc2769a1b78a27578f13a17b -> 
  custom:container-demuxer-webm: 4f35f7cbe854078d1ac9338744f61a02 -> 
  custom:container-demuxer-ogg: 62fdf1f143b41e24485cea50d1cbac27 -> 
  custom:video-encoder-webm-vp8: eb34c28f22e8b96e1ab97ce403110664 -> 
  custom:video-decoder-webm-vp8: 9c59270c3fd7afecdb556c50c9e8de78 -> 
  custom:audio-decoder-ogg-vorbis: bf7c407c2cedff20999df2af8eb42d56 -> 
  custom:audio-encoder-webm-vorbis: bf7c407c2cedff20999df2af8eb42d56 -> 
========================================================================
Received Import Request.
  path: Assets/Presets/AudioStreaming.preset
  artifactKey: Guid(86bcce7f5575b54408aa0f3a7d321039) Importer(815301076,1909f56bfc062723c751e8b465ee728b)
Start importing Assets/Presets/AudioStreaming.preset using Guid(86bcce7f5575b54408aa0f3a7d321039) Importer(815301076,1909f56bfc062723c751e8b465ee728b)  -> (artifact id: 'bca02f7813a3489ee830f437d17e4a52') in 0.042038 seconds 
========================================================================
Received Import Request.
  Time since last request: 0.000173 seconds.
  path: Assets/Presets/AudioCompressedInMemory.preset
  artifactKey: Guid(2dd802e4d37c65149922028d3e973832) Importer(815301076,1909f56bfc062723c751e8b465ee728b)
Start importing Assets/Presets/AudioCompressedInMemory.preset using Guid(2dd802e4d37c65149922028d3e973832) Importer(815301076,1909f56bfc062723c751e8b465ee728b)  -> (artifact id: 'b7bf7cf074f466c610d4a9091d59e25b') in 0.013275 seconds 
========================================================================
Received Import Request.
  Time since last request: 0.000173 seconds.
  path: Assets/Presets/NormalTexture.preset
  artifactKey: Guid(14a57cf3b9fa1c74b884aa7e0dcf1faa) Importer(815301076,1909f56bfc062723c751e8b465ee728b)
Start importing Assets/Presets/NormalTexture.preset using Guid(14a57cf3b9fa1c74b884aa7e0dcf1faa) Importer(815301076,1909f56bfc062723c751e8b465ee728b)  -> (artifact id: '0d8628f5d18a724446329bc02d06fe1e') in 0.014589 seconds 
========================================================================
Received Import Request.
  Time since last request: 0.000194 seconds.
  path: Assets/Presets/UtilityTexture.preset
  artifactKey: Guid(45f7b2e3c78185248b3adbb14429c2ab) Importer(815301076,1909f56bfc062723c751e8b465ee728b)
Start importing Assets/Presets/UtilityTexture.preset using Guid(45f7b2e3c78185248b3adbb14429c2ab) Importer(815301076,1909f56bfc062723c751e8b465ee728b)  -> (artifact id: 'd0709480a909d29a196269d2c8a09e39') in 0.013883 seconds 
========================================================================
Received Import Request.
  Time since last request: 147.272526 seconds.
  path: Assets/Settings/UniversalRP-HighQuality.asset
  artifactKey: Guid(19ba41d7c0026c3459d37c2fe90c55a0) Importer(815301076,1909f56bfc062723c751e8b465ee728b)
Start importing Assets/Settings/UniversalRP-HighQuality.asset using Guid(19ba41d7c0026c3459d37c2fe90c55a0) Importer(815301076,1909f56bfc062723c751e8b465ee728b)  -> (artifact id: 'b3ade1c72519ec036a0260d70de67eec') in 0.056970 seconds 
========================================================================
Received Import Request.
  Time since last request: 0.000163 seconds.
  path: Assets/Settings/UniversalRP-LowQuality.asset
  artifactKey: Guid(a31e9f9f9c9d4b9429ed0d1234e22103) Importer(815301076,1909f56bfc062723c751e8b465ee728b)
Start importing Assets/Settings/UniversalRP-LowQuality.asset using Guid(a31e9f9f9c9d4b9429ed0d1234e22103) Importer(815301076,1909f56bfc062723c751e8b465ee728b)  -> (artifact id: 'f149f1c85a2f6ef1a90a6770793cfe99') in 0.029500 seconds 
========================================================================
Received Import Request.
  Time since last request: 0.000218 seconds.
  path: Assets/Settings/UniversalRP-MediumQuality.asset
  artifactKey: Guid(d847b876476d3d6468f5dfcd34266f96) Importer(815301076,1909f56bfc062723c751e8b465ee728b)
Start importing Assets/Settings/UniversalRP-MediumQuality.asset using Guid(d847b876476d3d6468f5dfcd34266f96) Importer(815301076,1909f56bfc062723c751e8b465ee728b)  -> (artifact id: '3da9edf6e218646a91afe1e469b0be2f') in 0.022540 seconds 
========================================================================
Received Import Request.
  Time since last request: 75.761527 seconds.
  path: Assets/Models/turo.FBX
  artifactKey: Guid(c2ed323585046a84592ead1dc8d8a63e) Importer(815301076,1909f56bfc062723c751e8b465ee728b)
Start importing Assets/Models/turo.FBX using Guid(c2ed323585046a84592ead1dc8d8a63e) Importer(815301076,1909f56bfc062723c751e8b465ee728b)  -> (artifact id: '41c9016e3d33418f247859747b39d1e3') in 0.166762 seconds 
========================================================================
Received Import Request.
  Time since last request: 1.075185 seconds.
  path: Assets/Models/Bushes/bush.FBX
  artifactKey: Guid(d1fae5ee238d70a419b242fc26f78037) Importer(815301076,1909f56bfc062723c751e8b465ee728b)
Start importing Assets/Models/Bushes/bush.FBX using Guid(d1fae5ee238d70a419b242fc26f78037) Importer(815301076,1909f56bfc062723c751e8b465ee728b)  -> (artifact id: 'c12a2641ed61b6ebfa60e1c552736b3d') in 0.017180 seconds 
========================================================================
Received Import Request.
  Time since last request: 0.000215 seconds.
  path: Assets/Models/Bushes/bush_tex1.png
  artifactKey: Guid(5240caddf21651641a5481c08b5adac8) Importer(815301076,1909f56bfc062723c751e8b465ee728b)
Start importing Assets/Models/Bushes/bush_tex1.png using Guid(5240caddf21651641a5481c08b5adac8) Importer(815301076,1909f56bfc062723c751e8b465ee728b)  -> (artifact id: 'e8393a9726be21754e1d2066f1dbcc8c') in 0.037036 seconds 
========================================================================
Received Import Request.
  Time since last request: 0.000146 seconds.
  path: Assets/Models/Bushes/bush_mat2.mat
  artifactKey: Guid(a8e3725bfa76a354bb6bbb20150f8c0e) Importer(815301076,1909f56bfc062723c751e8b465ee728b)
Start importing Assets/Models/Bushes/bush_mat2.mat using Guid(a8e3725bfa76a354bb6bbb20150f8c0e) Importer(815301076,1909f56bfc062723c751e8b465ee728b)  -> (artifact id: '2add1990253dccd1f36e5becfb610e41') in 0.044039 seconds 
========================================================================
Received Import Request.
  Time since last request: 0.000172 seconds.
  path: Assets/Models/Bushes/bush_mat1.mat
  artifactKey: Guid(7b07d8c4e10b0d2428b1d7671079c244) Importer(815301076,1909f56bfc062723c751e8b465ee728b)
Start importing Assets/Models/Bushes/bush_mat1.mat using Guid(7b07d8c4e10b0d2428b1d7671079c244) Importer(815301076,1909f56bfc062723c751e8b465ee728b)  -> (artifact id: '36eb429dfd7935c2e691fa7d5a5dd3b3') in 0.024712 seconds 
========================================================================
Received Import Request.
  Time since last request: 0.000163 seconds.
  path: Assets/Models/Bushes/bush_mat3.mat
  artifactKey: Guid(42dac02ebbb1cbb4389b37fdb707f668) Importer(815301076,1909f56bfc062723c751e8b465ee728b)
Start importing Assets/Models/Bushes/bush_mat3.mat using Guid(42dac02ebbb1cbb4389b37fdb707f668) Importer(815301076,1909f56bfc062723c751e8b465ee728b)  -> (artifact id: '6aaf86935afd655e061c21bf7f79b3ff') in 0.033593 seconds 
========================================================================
Received Import Request.
  Time since last request: 0.000202 seconds.
  path: Assets/Models/Bushes/bush_tex3.png
  artifactKey: Guid(4c737f1c1d9d85f499a52f495c3da67f) Importer(815301076,1909f56bfc062723c751e8b465ee728b)
Start importing Assets/Models/Bushes/bush_tex3.png using Guid(4c737f1c1d9d85f499a52f495c3da67f) Importer(815301076,1909f56bfc062723c751e8b465ee728b)  -> (artifact id: 'f460416cd9b90b8a34ec4e4f80109027') in 0.019873 seconds 
========================================================================
Received Import Request.
  Time since last request: 0.000151 seconds.
  path: Assets/Models/Bushes/bush_tex2.png
  artifactKey: Guid(c389a6d50e8fb7c4ea22d27cab60132f) Importer(815301076,1909f56bfc062723c751e8b465ee728b)
Start importing Assets/Models/Bushes/bush_tex2.png using Guid(c389a6d50e8fb7c4ea22d27cab60132f) Importer(815301076,1909f56bfc062723c751e8b465ee728b)  -> (artifact id: 'e72e595a406f22be33b277b0c19b5c92') in 0.020456 seconds 
========================================================================
Received Import Request.
  Time since last request: 0.000184 seconds.
  path: Assets/Models/Bushes/bush_tex4.png
  artifactKey: Guid(ee3a5e0f83056f64b96100dd9b8df641) Importer(815301076,1909f56bfc062723c751e8b465ee728b)
Start importing Assets/Models/Bushes/bush_tex4.png using Guid(ee3a5e0f83056f64b96100dd9b8df641) Importer(815301076,1909f56bfc062723c751e8b465ee728b)  -> (artifact id: '18b02c4dd72971e3a81b01b46aae23c2') in 0.021240 seconds 
========================================================================
Received Import Request.
  Time since last request: 0.000161 seconds.
  path: Assets/Models/Bushes/bush_mat4.mat
  artifactKey: Guid(65b8647ab1f001e468587d060f9b12a0) Importer(815301076,1909f56bfc062723c751e8b465ee728b)
Start importing Assets/Models/Bushes/bush_mat4.mat using Guid(65b8647ab1f001e468587d060f9b12a0) Importer(815301076,1909f56bfc062723c751e8b465ee728b)  -> (artifact id: 'db89dbbde70138f7434e5d34dd3ad40d') in 0.022180 seconds 
========================================================================
Received Import Request.
  Time since last request: 8.049026 seconds.
  path: Assets/Models/Church/Iglesia.FBX
  artifactKey: Guid(a3898931efb4e6f44832e8ec72bcb09d) Importer(815301076,1909f56bfc062723c751e8b465ee728b)
Start importing Assets/Models/Church/Iglesia.FBX using Guid(a3898931efb4e6f44832e8ec72bcb09d) Importer(815301076,1909f56bfc062723c751e8b465ee728b)  -> (artifact id: 'f31394faeef8f8e523187bb948431fd0') in 0.037612 seconds 
========================================================================
Received Import Request.
  Time since last request: 0.000201 seconds.
  path: Assets/Models/Church/iglesiaTorre_mat.mat
  artifactKey: Guid(36f98eba65a68af4fa6820a1ae6f7cfe) Importer(815301076,1909f56bfc062723c751e8b465ee728b)
Start importing Assets/Models/Church/iglesiaTorre_mat.mat using Guid(36f98eba65a68af4fa6820a1ae6f7cfe) Importer(815301076,1909f56bfc062723c751e8b465ee728b)  -> (artifact id: 'da01502c1136b604fe87c7e38d893ecd') in 0.055252 seconds 
========================================================================
Received Import Request.
  Time since last request: 0.000207 seconds.
  path: Assets/Models/Church/iglesiaTorre_tex.png
  artifactKey: Guid(ad307717e2046374396282c1010262b3) Importer(815301076,1909f56bfc062723c751e8b465ee728b)
Start importing Assets/Models/Church/iglesiaTorre_tex.png using Guid(ad307717e2046374396282c1010262b3) Importer(815301076,1909f56bfc062723c751e8b465ee728b)  -> (artifact id: 'a4108fb756df609b7181de9d748def33') in 0.022878 seconds 
========================================================================
Received Import Request.
  Time since last request: 0.000166 seconds.
  path: Assets/Models/Church/iglesia_mat.mat
  artifactKey: Guid(131e0525be699534ea8a988a37d8e834) Importer(815301076,1909f56bfc062723c751e8b465ee728b)
Start importing Assets/Models/Church/iglesia_mat.mat using Guid(131e0525be699534ea8a988a37d8e834) Importer(815301076,1909f56bfc062723c751e8b465ee728b)  -> (artifact id: 'b29dbe40d08be8acf12891e203293663') in 0.029804 seconds 
========================================================================
Received Import Request.
  Time since last request: 0.000145 seconds.
  path: Assets/Models/Church/iglesia_tex.png
  artifactKey: Guid(8924b35cf5948934eafcefb26b36f258) Importer(815301076,1909f56bfc062723c751e8b465ee728b)
Start importing Assets/Models/Church/iglesia_tex.png using Guid(8924b35cf5948934eafcefb26b36f258) Importer(815301076,1909f56bfc062723c751e8b465ee728b)  -> (artifact id: 'f47e4e60c965c43c7bc07554f77eb7f6') in 0.025383 seconds 
========================================================================
Received Prepare
Registering precompiled user dll's ...
Registered in 0.004714 seconds.
Begin MonoManager ReloadAssembly
Native extension for WindowsStandalone target not found
Refreshing native plugins compatible for Editor in 0.85 ms, found 5 plugins.
Preloading 1 native plugins for Editor in 0.14 ms.
System.Reflection.TargetInvocationException: Exception has been thrown by the target of an invocation. ---> System.NullReferenceException: Object reference not set to an instance of an object
  at Unity.XR.Oculus.OculusLoader.AssetPathToAbsolutePath (System.String assetPath) [0x00048] in C:\Users\Toni\Documents\GitHub\Starry-Night-VR\Starry Night VR\Library\PackageCache\com.unity.xr.oculus@1.11.2\Runtime\OculusLoader.cs:250 
  at Unity.XR.Oculus.OculusLoader.EditorLoadOVRPlugin () [0x0007b] in C:\Users\Toni\Documents\GitHub\Starry-Night-VR\Starry Night VR\Library\PackageCache\com.unity.xr.oculus@1.11.2\Runtime\OculusLoader.cs:235 
  at (wrapper managed-to-native) System.Reflection.MonoMethod.InternalInvoke(System.Reflection.MonoMethod,object,object[],System.Exception&)
  at System.Reflection.MonoMethod.Invoke (System.Object obj, System.Reflection.BindingFlags invokeAttr, System.Reflection.Binder binder, System.Object[] parameters, System.Globalization.CultureInfo culture) [0x00032] in <695d1cc93cca45069c528c15c9fdd749>:0 
   --- End of inner exception stack trace ---
  at System.Reflection.MonoMethod.Invoke (System.Object obj, System.Reflection.BindingFlags invokeAttr, System.Reflection.Binder binder, System.Object[] parameters, System.Globalization.CultureInfo culture) [0x00048] in <695d1cc93cca45069c528c15c9fdd749>:0 
  at System.Reflection.MethodBase.Invoke (System.Object obj, System.Object[] parameters) [0x00000] in <695d1cc93cca45069c528c15c9fdd749>:0 
  at UnityEditor.EditorAssemblies.ProcessInitializeOnLoadMethodAttributes () [0x00047] in <294703faec74477f8b275446429fba82>:0 
UnityEngine.StackTraceUtility:ExtractStackTrace ()
UnityEngine.DebugLogHandler:LogFormat (UnityEngine.LogType,UnityEngine.Object,string,object[])
UnityEngine.Logger:Log (UnityEngine.LogType,object)
UnityEngine.Debug:LogError (object)
UnityEditor.EditorAssemblies:ProcessInitializeOnLoadMethodAttributes ()

Mono: successfully reloaded assembly
- Completed reload, in  1.240 seconds
Domain Reload Profiling:
	ReloadAssembly (1241ms)
		BeginReloadAssembly (120ms)
			ExecutionOrderSort (0ms)
			DisableScriptedObjects (5ms)
			BackupInstance (0ms)
			ReleaseScriptingObjects (0ms)
			CreateAndSetChildDomain (37ms)
		EndReloadAssembly (1056ms)
			LoadAssemblies (101ms)
			RebuildTransferFunctionScriptingTraits (0ms)
			SetupTypeCache (337ms)
			ReleaseScriptCaches (1ms)
			RebuildScriptCaches (44ms)
			SetupLoadedEditorAssemblies (451ms)
				LogAssemblyErrors (0ms)
				InitializePlatformSupportModulesInManaged (3ms)
				SetLoadedEditorAssemblies (0ms)
				RefreshPlugins (1ms)
				BeforeProcessingInitializeOnLoad (102ms)
				ProcessInitializeOnLoadAttributes (314ms)
				ProcessInitializeOnLoadMethodAttributes (23ms)
				AfterProcessingInitializeOnLoad (6ms)
				EditorAssembliesLoaded (0ms)
			ExecutionOrderSort2 (0ms)
			AwakeInstancesAfterBackupRestoration (6ms)
Platform modules already initialized, skipping
Switching build target platform(19) subTarget(0) extendedPlatform(0) -> platform(13) subTarget(589824) extendedPlatform(0)
Refreshing native plugins compatible for Editor in 0.79 ms, found 5 plugins.
Preloading 1 native plugins for Editor in 0.10 ms.
Unloading 3682 Unused Serialized files (Serialized files now loaded: 0)
System memory in use before: 234.6 MB.
System memory in use after: 234.9 MB.

Unloading 15 unused Assets to reduce memory usage. Loaded Objects now: 4299.
Total: 3.814800 ms (FindLiveObjects: 0.290600 ms CreateObjectMapping: 0.092800 ms MarkObjects: 3.404400 ms  DeleteObjects: 0.025900 ms)

AssetImportParameters requested are different than current active one (requested -> active):
  custom:framework-win-MediaFoundation: 216162199b28c13a410421893ffa2e32 -> 
  custom:video-decoder-ogg-theora: a1e56fd34408186e4bbccfd4996cb3dc -> 
  custom:container-muxer-webm: aa71ff27fc2769a1b78a27578f13a17b -> 
  custom:container-demuxer-webm: 4f35f7cbe854078d1ac9338744f61a02 -> 
  custom:container-demuxer-ogg: 62fdf1f143b41e24485cea50d1cbac27 -> 
  custom:video-encoder-webm-vp8: eb34c28f22e8b96e1ab97ce403110664 -> 
  custom:video-decoder-webm-vp8: 9c59270c3fd7afecdb556c50c9e8de78 -> 
  custom:graphics/normal-map-encoding: 01000000000000000000000000000000 -> 02000000000000000000000000000000
  custom:audio-decoder-ogg-vorbis: bf7c407c2cedff20999df2af8eb42d56 -> 
  custom:audio-encoder-webm-vorbis: bf7c407c2cedff20999df2af8eb42d56 -> 
========================================================================
Received Import Request.
  Time since last request: 375.438773 seconds.
  path: Assets/Main Camera Profile.asset
  artifactKey: Guid(a2c5621595413ca4a81d437f1d534aff) Importer(815301076,1909f56bfc062723c751e8b465ee728b)
Start importing Assets/Main Camera Profile.asset using Guid(a2c5621595413ca4a81d437f1d534aff) Importer(815301076,1909f56bfc062723c751e8b465ee728b)  -> (artifact id: 'a263077664cd2575f023d26c6ed15a79') in 0.019767 seconds 
========================================================================
Received Import Request.
  Time since last request: 0.000161 seconds.
  path: Assets/Readme.asset
  artifactKey: Guid(83c2ed844a8c74b779a4c823d16594b1) Importer(815301076,1909f56bfc062723c751e8b465ee728b)
Start importing Assets/Readme.asset using Guid(83c2ed844a8c74b779a4c823d16594b1) Importer(815301076,1909f56bfc062723c751e8b465ee728b)  -> (artifact id: 'cd8ef3f8a34beed590bed0d72a194be6') in 0.006989 seconds 
========================================================================
Received Import Request.
  Time since last request: 8.313442 seconds.
  path: Assets/ExampleAssets/Models
  artifactKey: Guid(aa97895f3852bd44399ef0893bec4f5e) Importer(815301076,1909f56bfc062723c751e8b465ee728b)
Start importing Assets/ExampleAssets/Models using Guid(aa97895f3852bd44399ef0893bec4f5e) Importer(815301076,1909f56bfc062723c751e8b465ee728b)  -> (artifact id: '148bd1374e384877c948124b2b92d031') in 0.005951 seconds 
========================================================================
Received Import Request.
  Time since last request: 12.357420 seconds.
  path: Assets/EffectExamples/Goop Effects
  artifactKey: Guid(96a4fd4c27ed4214f905c521891b2c87) Importer(815301076,1909f56bfc062723c751e8b465ee728b)
Start importing Assets/EffectExamples/Goop Effects using Guid(96a4fd4c27ed4214f905c521891b2c87) Importer(815301076,1909f56bfc062723c751e8b465ee728b)  -> (artifact id: 'b9691bc7a45bbcecfe9f6039e79e4c1d') in 0.006451 seconds 
========================================================================
Received Import Request.
  Time since last request: 0.790561 seconds.
  path: Assets/EffectExamples/Goop Effects/Prefabs
  artifactKey: Guid(81fe257bbe1f3de4d8993c136ed6c362) Importer(815301076,1909f56bfc062723c751e8b465ee728b)
Start importing Assets/EffectExamples/Goop Effects/Prefabs using Guid(81fe257bbe1f3de4d8993c136ed6c362) Importer(815301076,1909f56bfc062723c751e8b465ee728b)  -> (artifact id: '8a17fe8314853002964c8384decdc2e9') in 0.002661 seconds 
========================================================================
Received Import Request.
  Time since last request: 0.139363 seconds.
  path: Assets/EffectExamples/Goop Effects/Prefabs/GoopSpray.prefab
  artifactKey: Guid(5656e7ea1f1a75d4c895547ec2b824b3) Importer(815301076,1909f56bfc062723c751e8b465ee728b)
Start importing Assets/EffectExamples/Goop Effects/Prefabs/GoopSpray.prefab using Guid(5656e7ea1f1a75d4c895547ec2b824b3) Importer(815301076,1909f56bfc062723c751e8b465ee728b)  -> (artifact id: '490521b9172941009cc73a945f3921c9') in 0.226569 seconds 
========================================================================
Received Import Request.
  Time since last request: 0.000170 seconds.
  path: Assets/EffectExamples/Goop Effects/Prefabs/GoopStreamEffect.prefab
  artifactKey: Guid(a3768c8a9d1b90d4bb0eb0e4bdbe730c) Importer(815301076,1909f56bfc062723c751e8b465ee728b)
Start importing Assets/EffectExamples/Goop Effects/Prefabs/GoopStreamEffect.prefab using Guid(a3768c8a9d1b90d4bb0eb0e4bdbe730c) Importer(815301076,1909f56bfc062723c751e8b465ee728b)  -> (artifact id: 'e5e5a28513b4fdc5a11b38f669361e9f') in 0.057403 seconds 
========================================================================
Received Import Request.
  Time since last request: 0.000169 seconds.
  path: Assets/EffectExamples/Goop Effects/Prefabs/GoopSprayEffect.prefab
  artifactKey: Guid(abb9f519b142e304d9c45b56afa768bc) Importer(815301076,1909f56bfc062723c751e8b465ee728b)
Start importing Assets/EffectExamples/Goop Effects/Prefabs/GoopSprayEffect.prefab using Guid(abb9f519b142e304d9c45b56afa768bc) Importer(815301076,1909f56bfc062723c751e8b465ee728b)  -> (artifact id: 'fef427d04b5c873c321c08693d7ce095') in 0.023351 seconds 
========================================================================
Received Import Request.
  Time since last request: 17.025856 seconds.
  path: Assets/EffectExamples/Fire & Explosion Effects/Prefabs/BigExplosion.prefab
  artifactKey: Guid(e1b08032bec16ba4eb1ae23cbd572664) Importer(815301076,1909f56bfc062723c751e8b465ee728b)
Start importing Assets/EffectExamples/Fire & Explosion Effects/Prefabs/BigExplosion.prefab using Guid(e1b08032bec16ba4eb1ae23cbd572664) Importer(815301076,1909f56bfc062723c751e8b465ee728b)  -> (artifact id: 'd2c6e92e39d1458cb4f55ce79f9e5f55') in 0.122124 seconds 
========================================================================
Received Import Request.
  Time since last request: 0.000167 seconds.
  path: Assets/EffectExamples/Fire & Explosion Effects/Prefabs/WildFire.prefab
  artifactKey: Guid(f293a2dcc753a4a489fefe7f8f312d69) Importer(815301076,1909f56bfc062723c751e8b465ee728b)
Start importing Assets/EffectExamples/Fire & Explosion Effects/Prefabs/WildFire.prefab using Guid(f293a2dcc753a4a489fefe7f8f312d69) Importer(815301076,1909f56bfc062723c751e8b465ee728b)  -> (artifact id: '11eaf6046b4ae6b765a94a83d047bcb2') in 0.160804 seconds 
========================================================================
Received Import Request.
  Time since last request: 0.000229 seconds.
  path: Assets/EffectExamples/Fire & Explosion Effects/Prefabs/MediumFlames.prefab
  artifactKey: Guid(be6847dd39ab95f4daa2ed98e4f90564) Importer(815301076,1909f56bfc062723c751e8b465ee728b)
Start importing Assets/EffectExamples/Fire & Explosion Effects/Prefabs/MediumFlames.prefab using Guid(be6847dd39ab95f4daa2ed98e4f90564) Importer(815301076,1909f56bfc062723c751e8b465ee728b)  -> (artifact id: 'fec973b266a2d78fc3354e31f5f8b079') in 0.122887 seconds 
========================================================================
Received Import Request.
  Time since last request: 0.000172 seconds.
  path: Assets/EffectExamples/Fire & Explosion Effects/Prefabs/PlasmaExplosionEffect.prefab
  artifactKey: Guid(96730f8640590934eacb6f860058e7f9) Importer(815301076,1909f56bfc062723c751e8b465ee728b)
Start importing Assets/EffectExamples/Fire & Explosion Effects/Prefabs/PlasmaExplosionEffect.prefab using Guid(96730f8640590934eacb6f860058e7f9) Importer(815301076,1909f56bfc062723c751e8b465ee728b)  -> (artifact id: '817bb6d97559fe05b47121f95e23eb6d') in 0.142165 seconds 
========================================================================
Received Import Request.
  Time since last request: 0.000181 seconds.
  path: Assets/EffectExamples/Fire & Explosion Effects/Prefabs/EnergyExplosion.prefab
  artifactKey: Guid(9bba9cf244c53c5439505dfc96fdd11c) Importer(815301076,1909f56bfc062723c751e8b465ee728b)
Start importing Assets/EffectExamples/Fire & Explosion Effects/Prefabs/EnergyExplosion.prefab using Guid(9bba9cf244c53c5439505dfc96fdd11c) Importer(815301076,1909f56bfc062723c751e8b465ee728b)  -> (artifact id: 'd16c3a9bf8c704f7cfadbcd49b2d11a4') in 0.110332 seconds 
========================================================================
Received Import Request.
  Time since last request: 0.000160 seconds.
  path: Assets/EffectExamples/Fire & Explosion Effects/Prefabs/TinyExplosion.prefab
  artifactKey: Guid(25c7aa9ad705fe143a4d71c1c8deb7d4) Importer(815301076,1909f56bfc062723c751e8b465ee728b)
Start importing Assets/EffectExamples/Fire & Explosion Effects/Prefabs/TinyExplosion.prefab using Guid(25c7aa9ad705fe143a4d71c1c8deb7d4) Importer(815301076,1909f56bfc062723c751e8b465ee728b)  -> (artifact id: '3391e3148e8cc0e6a9bb29439bb70dea') in 0.116636 seconds 
========================================================================
Received Import Request.
  Time since last request: 0.000201 seconds.
  path: Assets/EffectExamples/Fire & Explosion Effects/Prefabs/ParticlesLight.prefab
  artifactKey: Guid(fa35d75604d172d48b7a6b62a07c7dbf) Importer(815301076,1909f56bfc062723c751e8b465ee728b)
Start importing Assets/EffectExamples/Fire & Explosion Effects/Prefabs/ParticlesLight.prefab using Guid(fa35d75604d172d48b7a6b62a07c7dbf) Importer(815301076,1909f56bfc062723c751e8b465ee728b)  -> (artifact id: 'ab13e838b4f04c715daea3125fa27067') in 0.008732 seconds 
========================================================================
Received Import Request.
  Time since last request: 0.000190 seconds.
  path: Assets/EffectExamples/Fire & Explosion Effects/Prefabs/TinyFlames.prefab
  artifactKey: Guid(ea4fb55d0227e604386f44f905cfe7c0) Importer(815301076,1909f56bfc062723c751e8b465ee728b)
Start importing Assets/EffectExamples/Fire & Explosion Effects/Prefabs/TinyFlames.prefab using Guid(ea4fb55d0227e604386f44f905cfe7c0) Importer(815301076,1909f56bfc062723c751e8b465ee728b)  -> (artifact id: '40de6ac09818982265f6511c8ca663cb') in 0.063032 seconds 
========================================================================
Received Import Request.
  Time since last request: 0.000180 seconds.
  path: Assets/EffectExamples/Fire & Explosion Effects/Prefabs/FlameStream.prefab
  artifactKey: Guid(bccc7a794e75b2a44a4b0dac69160b7b) Importer(815301076,1909f56bfc062723c751e8b465ee728b)
Start importing Assets/EffectExamples/Fire & Explosion Effects/Prefabs/FlameStream.prefab using Guid(bccc7a794e75b2a44a4b0dac69160b7b) Importer(815301076,1909f56bfc062723c751e8b465ee728b)  -> (artifact id: '7303e6bab64508242c7de973c26449b8') in 0.014121 seconds 
========================================================================
Received Import Request.
  Time since last request: 0.000272 seconds.
  path: Assets/EffectExamples/Fire & Explosion Effects/Prefabs/SmallExplosion.prefab
  artifactKey: Guid(64891a0eb28db934898420d80ca07cb3) Importer(815301076,1909f56bfc062723c751e8b465ee728b)
Start importing Assets/EffectExamples/Fire & Explosion Effects/Prefabs/SmallExplosion.prefab using Guid(64891a0eb28db934898420d80ca07cb3) Importer(815301076,1909f56bfc062723c751e8b465ee728b)  -> (artifact id: '1791fb4c76108c920389301673bd297a') in 0.162269 seconds 
========================================================================
Received Import Request.
  Time since last request: 0.000327 seconds.
  path: Assets/EffectExamples/Fire & Explosion Effects/Prefabs/FireBall.prefab
  artifactKey: Guid(a990e3ac1318b834488c784d851f42a9) Importer(815301076,1909f56bfc062723c751e8b465ee728b)
Start importing Assets/EffectExamples/Fire & Explosion Effects/Prefabs/FireBall.prefab using Guid(a990e3ac1318b834488c784d851f42a9) Importer(815301076,1909f56bfc062723c751e8b465ee728b)  -> (artifact id: '52504fe0ef8279eb9da08933601b5127') in 0.019205 seconds 
========================================================================
Received Import Request.
  Time since last request: 0.000183 seconds.
  path: Assets/EffectExamples/Fire & Explosion Effects/Prefabs/DustExplosion.prefab
  artifactKey: Guid(d8f0099df63275647a8bcf646df1ca00) Importer(815301076,1909f56bfc062723c751e8b465ee728b)
Start importing Assets/EffectExamples/Fire & Explosion Effects/Prefabs/DustExplosion.prefab using Guid(d8f0099df63275647a8bcf646df1ca00) Importer(815301076,1909f56bfc062723c751e8b465ee728b)  -> (artifact id: '0d0e24bbcb5e97fe4bc372807173fafd') in 0.022703 seconds 
========================================================================
Received Import Request.
  Time since last request: 0.000265 seconds.
  path: Assets/EffectExamples/Fire & Explosion Effects/Prefabs/LargeFlames.prefab
  artifactKey: Guid(bb98861c48ad2024ca93498c7dd93a6c) Importer(815301076,1909f56bfc062723c751e8b465ee728b)
Start importing Assets/EffectExamples/Fire & Explosion Effects/Prefabs/LargeFlames.prefab using Guid(bb98861c48ad2024ca93498c7dd93a6c) Importer(815301076,1909f56bfc062723c751e8b465ee728b)  -> (artifact id: 'b094bf47f6bf2171a2b03b985e8ba3ef') in 0.016626 seconds 
========================================================================
Received Import Request.
  Time since last request: 0.000236 seconds.
  path: Assets/EffectExamples/Fire & Explosion Effects/Prefabs/FlameThrower.prefab
  artifactKey: Guid(007c57e2df8e9b144b99f471b84f3d56) Importer(815301076,1909f56bfc062723c751e8b465ee728b)
Start importing Assets/EffectExamples/Fire & Explosion Effects/Prefabs/FlameThrower.prefab using Guid(007c57e2df8e9b144b99f471b84f3d56) Importer(815301076,1909f56bfc062723c751e8b465ee728b)  -> (artifact id: 'b10c709299d506086055d690671f6891') in 0.014106 seconds 
========================================================================
Received Import Request.
  Time since last request: 0.979019 seconds.
  path: Assets/EffectExamples/Fire & Explosion Effects/Materials/Dust.mat
  artifactKey: Guid(53a63d52a4c231f4c8ef0f2bfc170425) Importer(815301076,1909f56bfc062723c751e8b465ee728b)
Start importing Assets/EffectExamples/Fire & Explosion Effects/Materials/Dust.mat using Guid(53a63d52a4c231f4c8ef0f2bfc170425) Importer(815301076,1909f56bfc062723c751e8b465ee728b)  -> (artifact id: 'f862983f261bda2fac747b82ab93d59a') in 0.076905 seconds 
========================================================================
Received Import Request.
  Time since last request: 27.620287 seconds.
  path: Assets/Settings/UniversalRP-HighQuality.asset
  artifactKey: Guid(19ba41d7c0026c3459d37c2fe90c55a0) Importer(815301076,1909f56bfc062723c751e8b465ee728b)
Start importing Assets/Settings/UniversalRP-HighQuality.asset using Guid(19ba41d7c0026c3459d37c2fe90c55a0) Importer(815301076,1909f56bfc062723c751e8b465ee728b)  -> (artifact id: '02e18c1f933b70f494440bf5e7626866') in 0.003192 seconds 
========================================================================
Received Import Request.
  Time since last request: 0.000232 seconds.
  path: Assets/Settings/UniversalRP-LowQuality.asset
  artifactKey: Guid(a31e9f9f9c9d4b9429ed0d1234e22103) Importer(815301076,1909f56bfc062723c751e8b465ee728b)
Start importing Assets/Settings/UniversalRP-LowQuality.asset using Guid(a31e9f9f9c9d4b9429ed0d1234e22103) Importer(815301076,1909f56bfc062723c751e8b465ee728b)  -> (artifact id: 'b226a0bb157262eadf686f6bb5b5f1f8') in 0.003221 seconds 
========================================================================
Received Import Request.
  Time since last request: 0.000192 seconds.
  path: Assets/Settings/UniversalRP-MediumQuality.asset
  artifactKey: Guid(d847b876476d3d6468f5dfcd34266f96) Importer(815301076,1909f56bfc062723c751e8b465ee728b)
Start importing Assets/Settings/UniversalRP-MediumQuality.asset using Guid(d847b876476d3d6468f5dfcd34266f96) Importer(815301076,1909f56bfc062723c751e8b465ee728b)  -> (artifact id: 'd421f548a6507a11f25ec3578746e9c1') in 0.002963 seconds 
========================================================================
Received Import Request.
  Time since last request: 11.243960 seconds.
  path: Assets/EffectExamples/Fire & Explosion Effects/Materials/Explosion.mat
  artifactKey: Guid(6421a5a06ae9f7a47a57b67f35c73b5a) Importer(815301076,1909f56bfc062723c751e8b465ee728b)
Start importing Assets/EffectExamples/Fire & Explosion Effects/Materials/Explosion.mat using Guid(6421a5a06ae9f7a47a57b67f35c73b5a) Importer(815301076,1909f56bfc062723c751e8b465ee728b)  -> (artifact id: 'd12e9141db51d3baf7a78e2835ced17a') in 0.122466 seconds 
========================================================================
Received Import Request.
  Time since last request: 10.259442 seconds.
  path: Assets/EffectExamples/Fire & Explosion Effects/Materials/EnergyExplosion.mat
  artifactKey: Guid(bf88af72084132746823869f28b070f8) Importer(815301076,1909f56bfc062723c751e8b465ee728b)
Start importing Assets/EffectExamples/Fire & Explosion Effects/Materials/EnergyExplosion.mat using Guid(bf88af72084132746823869f28b070f8) Importer(815301076,1909f56bfc062723c751e8b465ee728b)  -> (artifact id: '162a70aeee8510954eaefa617b8951bd') in 0.060146 seconds 
========================================================================
Received Import Request.
  Time since last request: 12.223546 seconds.
  path: Assets/EffectExamples/Fire & Explosion Effects/Materials/fireball.mat
  artifactKey: Guid(3349fc02d104e2b458470ec533f51c16) Importer(815301076,1909f56bfc062723c751e8b465ee728b)
Start importing Assets/EffectExamples/Fire & Explosion Effects/Materials/fireball.mat using Guid(3349fc02d104e2b458470ec533f51c16) Importer(815301076,1909f56bfc062723c751e8b465ee728b)  -> (artifact id: '3fafb811115233c912440b31284313bc') in 0.106507 seconds 
========================================================================
Received Import Request.
  Time since last request: 5.164718 seconds.
  path: Assets/EffectExamples/Fire & Explosion Effects/Materials/FireExplosion.mat
  artifactKey: Guid(7a306caa8f9f7ed40a5361ce411cdf1b) Importer(815301076,1909f56bfc062723c751e8b465ee728b)
Start importing Assets/EffectExamples/Fire & Explosion Effects/Materials/FireExplosion.mat using Guid(7a306caa8f9f7ed40a5361ce411cdf1b) Importer(815301076,1909f56bfc062723c751e8b465ee728b)  -> (artifact id: '2199d08b2b951b9b9f422ca14230e5e5') in 0.082426 seconds 
========================================================================
Received Import Request.
  Time since last request: 8.483469 seconds.
  path: Assets/EffectExamples/Fire & Explosion Effects/Materials/LargeFlame01.mat
  artifactKey: Guid(af29e4d6b5ada10438f9e9b5bb6d19d3) Importer(815301076,1909f56bfc062723c751e8b465ee728b)
Start importing Assets/EffectExamples/Fire & Explosion Effects/Materials/LargeFlame01.mat using Guid(af29e4d6b5ada10438f9e9b5bb6d19d3) Importer(815301076,1909f56bfc062723c751e8b465ee728b)  -> (artifact id: '217591749982b1326308633b34240067') in 0.565103 seconds 
========================================================================
Received Import Request.
  Time since last request: 1.802103 seconds.
  path: Assets/EffectExamples/Fire & Explosion Effects/Materials/MediumFlame01.mat
  artifactKey: Guid(5584a46a2a298d348a252b58b4847ae0) Importer(815301076,1909f56bfc062723c751e8b465ee728b)
Start importing Assets/EffectExamples/Fire & Explosion Effects/Materials/MediumFlame01.mat using Guid(5584a46a2a298d348a252b58b4847ae0) Importer(815301076,1909f56bfc062723c751e8b465ee728b)  -> (artifact id: 'd290f77f0668056a0c3886e8e6ea4809') in 0.102849 seconds 
========================================================================
Received Import Request.
  Time since last request: 6.026542 seconds.
  path: Assets/EffectExamples/Fire & Explosion Effects/Materials/PlasmaFire.mat
  artifactKey: Guid(b5387d3c2ba98fc44a0f5744f94ce48c) Importer(815301076,1909f56bfc062723c751e8b465ee728b)
Start importing Assets/EffectExamples/Fire & Explosion Effects/Materials/PlasmaFire.mat using Guid(b5387d3c2ba98fc44a0f5744f94ce48c) Importer(815301076,1909f56bfc062723c751e8b465ee728b)  -> (artifact id: '4593170c37762152126540f58050598e') in 0.013938 seconds 
========================================================================
Received Import Request.
  Time since last request: 16.482782 seconds.
  path: Assets/EffectExamples/Fire & Explosion Effects/Materials/TinyFlame.mat
  artifactKey: Guid(2a24b896dbe48144ab8d4a90468ad00e) Importer(815301076,1909f56bfc062723c751e8b465ee728b)
Start importing Assets/EffectExamples/Fire & Explosion Effects/Materials/TinyFlame.mat using Guid(2a24b896dbe48144ab8d4a90468ad00e) Importer(815301076,1909f56bfc062723c751e8b465ee728b)  -> (artifact id: '14973ae29ecf7c0720d94f41addcaa36') in 0.061302 seconds 
========================================================================
Received Import Request.
  Time since last request: 2.417157 seconds.
  path: Assets/EffectExamples/Fire & Explosion Effects/Materials/LargeFlame02.mat
  artifactKey: Guid(b25dd701bdc692249907c8b4e4b784b2) Importer(815301076,1909f56bfc062723c751e8b465ee728b)
Start importing Assets/EffectExamples/Fire & Explosion Effects/Materials/LargeFlame02.mat using Guid(b25dd701bdc692249907c8b4e4b784b2) Importer(815301076,1909f56bfc062723c751e8b465ee728b)  -> (artifact id: '2635f3349fe1d04cc56718cc671d0c5e') in 0.134302 seconds 
========================================================================
Received Import Request.
  Time since last request: 12.677567 seconds.
  path: Assets/EffectExamples/Magic Effects
  artifactKey: Guid(67858b22112fded4bb494b5d7f8f7ce3) Importer(815301076,1909f56bfc062723c751e8b465ee728b)
Start importing Assets/EffectExamples/Magic Effects using Guid(67858b22112fded4bb494b5d7f8f7ce3) Importer(815301076,1909f56bfc062723c751e8b465ee728b)  -> (artifact id: '2f024be6d7edfa6702e0d6cbe0412fa1') in 0.006119 seconds 
========================================================================
Received Import Request.
  Time since last request: 1.777948 seconds.
  path: Assets/EffectExamples/Magic Effects/Prefabs
  artifactKey: Guid(889678cc39b43cc4dbde2bce5a82f2d4) Importer(815301076,1909f56bfc062723c751e8b465ee728b)
Start importing Assets/EffectExamples/Magic Effects/Prefabs using Guid(889678cc39b43cc4dbde2bce5a82f2d4) Importer(815301076,1909f56bfc062723c751e8b465ee728b)  -> (artifact id: '18e63b944fa09bb9cc2abf04bc9026f0') in 0.002714 seconds 
========================================================================
Received Import Request.
  Time since last request: 0.021795 seconds.
  path: Assets/EffectExamples/Magic Effects/Prefabs/EarthShatter.prefab
  artifactKey: Guid(32c9fd11a72259d45aa26ae41c34c5aa) Importer(815301076,1909f56bfc062723c751e8b465ee728b)
Start importing Assets/EffectExamples/Magic Effects/Prefabs/EarthShatter.prefab using Guid(32c9fd11a72259d45aa26ae41c34c5aa) Importer(815301076,1909f56bfc062723c751e8b465ee728b)  -> (artifact id: '952a5a6caea80e0cf3589cc0dc64b272') in 0.117783 seconds 
========================================================================
Received Import Request.
  Time since last request: 0.000176 seconds.
  path: Assets/EffectExamples/Magic Effects/Prefabs/IceLance.prefab
  artifactKey: Guid(1a1c02facd51d87458dcaa3a761e2c03) Importer(815301076,1909f56bfc062723c751e8b465ee728b)
Start importing Assets/EffectExamples/Magic Effects/Prefabs/IceLance.prefab using Guid(1a1c02facd51d87458dcaa3a761e2c03) Importer(815301076,1909f56bfc062723c751e8b465ee728b)  -> (artifact id: '57112122591709ff9f924373ffd28924') in 0.107880 seconds 
========================================================================
Received Import Request.
  Time since last request: 12.366163 seconds.
  path: Assets/EffectExamples/Misc Effects
  artifactKey: Guid(7dd5994c11ccf45c3b64748c6a871d80) Importer(815301076,1909f56bfc062723c751e8b465ee728b)
Start importing Assets/EffectExamples/Misc Effects using Guid(7dd5994c11ccf45c3b64748c6a871d80) Importer(815301076,1909f56bfc062723c751e8b465ee728b)  -> (artifact id: '216ddfd204ab880032b74bf2844181e6') in 0.006965 seconds 
========================================================================
Received Import Request.
  Time since last request: 1.852451 seconds.
  path: Assets/EffectExamples/Misc Effects/Prefabs
  artifactKey: Guid(fca85df12e535493183bed364873ede7) Importer(815301076,1909f56bfc062723c751e8b465ee728b)
Start importing Assets/EffectExamples/Misc Effects/Prefabs using Guid(fca85df12e535493183bed364873ede7) Importer(815301076,1909f56bfc062723c751e8b465ee728b)  -> (artifact id: 'c08ba7ec3d1d39d5ec1d9bf17581f7d5') in 0.002797 seconds 
========================================================================
Received Import Request.
  Time since last request: 0.030168 seconds.
  path: Assets/EffectExamples/Misc Effects/Prefabs/Candles.prefab
  artifactKey: Guid(86f883933a872f542994368197c83b5b) Importer(815301076,1909f56bfc062723c751e8b465ee728b)
Start importing Assets/EffectExamples/Misc Effects/Prefabs/Candles.prefab using Guid(86f883933a872f542994368197c83b5b) Importer(815301076,1909f56bfc062723c751e8b465ee728b)  -> (artifact id: 'a7ae0025e0a34c79b9f58f5fa65c22b6') in 0.059672 seconds 
========================================================================
Received Import Request.
  Time since last request: 0.000169 seconds.
  path: Assets/EffectExamples/Misc Effects/Prefabs/DustMotesEffect.prefab
  artifactKey: Guid(5ca4c580b3888314581688fa46fb142d) Importer(815301076,1909f56bfc062723c751e8b465ee728b)
Start importing Assets/EffectExamples/Misc Effects/Prefabs/DustMotesEffect.prefab using Guid(5ca4c580b3888314581688fa46fb142d) Importer(815301076,1909f56bfc062723c751e8b465ee728b)  -> (artifact id: 'ecde22cb21c5d2df33443694ee2d4a3e') in 0.017480 seconds 
========================================================================
Received Import Request.
  Time since last request: 0.000141 seconds.
  path: Assets/EffectExamples/Misc Effects/Prefabs/Respawn.prefab
  artifactKey: Guid(c5febdd93ab44d640b3eb37b768360bb) Importer(815301076,1909f56bfc062723c751e8b465ee728b)
Start importing Assets/EffectExamples/Misc Effects/Prefabs/Respawn.prefab using Guid(c5febdd93ab44d640b3eb37b768360bb) Importer(815301076,1909f56bfc062723c751e8b465ee728b)  -> (artifact id: '992b5e2275b578123d3ab0336dcb7641') in 0.126257 seconds 
========================================================================
Received Import Request.
  Time since last request: 0.000131 seconds.
  path: Assets/EffectExamples/Misc Effects/Prefabs/SandSwirlsEffect.prefab
  artifactKey: Guid(14d81e2c407975245973a11cdfbeb902) Importer(815301076,1909f56bfc062723c751e8b465ee728b)
Start importing Assets/EffectExamples/Misc Effects/Prefabs/SandSwirlsEffect.prefab using Guid(14d81e2c407975245973a11cdfbeb902) Importer(815301076,1909f56bfc062723c751e8b465ee728b)  -> (artifact id: '8fe94e630d833044f68d98d55a01157e') in 0.038676 seconds 
========================================================================
Received Import Request.
  Time since last request: 0.000150 seconds.
  path: Assets/EffectExamples/Misc Effects/Prefabs/SparksEffect.prefab
  artifactKey: Guid(78b71003e8b357d4bbf89c8b5e5e4f0e) Importer(815301076,1909f56bfc062723c751e8b465ee728b)
Start importing Assets/EffectExamples/Misc Effects/Prefabs/SparksEffect.prefab using Guid(78b71003e8b357d4bbf89c8b5e5e4f0e) Importer(815301076,1909f56bfc062723c751e8b465ee728b)  -> (artifact id: 'bbe23aa84815029730d9daaf9fcff174') in 0.050074 seconds 
========================================================================
Received Import Request.
  Time since last request: 0.000145 seconds.
  path: Assets/EffectExamples/Misc Effects/Prefabs/Dissolve.prefab
  artifactKey: Guid(df3177fc67fceda4cb1e5acda4964f5c) Importer(815301076,1909f56bfc062723c751e8b465ee728b)
Start importing Assets/EffectExamples/Misc Effects/Prefabs/Dissolve.prefab using Guid(df3177fc67fceda4cb1e5acda4964f5c) Importer(815301076,1909f56bfc062723c751e8b465ee728b)  -> (artifact id: '4e442abcacb76d4686180995f9c76c23') in 0.129600 seconds 
========================================================================
Received Import Request.
  Time since last request: 0.000169 seconds.
  path: Assets/EffectExamples/Misc Effects/Prefabs/ElectricalSparks.prefab
  artifactKey: Guid(96b2ec0239d11fa4b9792311efceb8ed) Importer(815301076,1909f56bfc062723c751e8b465ee728b)
Start importing Assets/EffectExamples/Misc Effects/Prefabs/ElectricalSparks.prefab using Guid(96b2ec0239d11fa4b9792311efceb8ed) Importer(815301076,1909f56bfc062723c751e8b465ee728b)  -> (artifact id: 'd31aac30c4b639d3716c3852b1d767db') in 0.016520 seconds 
========================================================================
Received Import Request.
  Time since last request: 0.000166 seconds.
  path: Assets/EffectExamples/Misc Effects/Prefabs/ParticlesLight.prefab
  artifactKey: Guid(61a6b3a108030e54ba372fe7097916d0) Importer(815301076,1909f56bfc062723c751e8b465ee728b)
Start importing Assets/EffectExamples/Misc Effects/Prefabs/ParticlesLight.prefab using Guid(61a6b3a108030e54ba372fe7097916d0) Importer(815301076,1909f56bfc062723c751e8b465ee728b)  -> (artifact id: '1247c4e29835f648787057f424d25c62') in 0.006926 seconds 
========================================================================
Received Import Request.
  Time since last request: 0.000197 seconds.
  path: Assets/EffectExamples/Misc Effects/Prefabs/FireFlies.prefab
  artifactKey: Guid(379785de5e39005469c875710d3cc5a7) Importer(815301076,1909f56bfc062723c751e8b465ee728b)
Start importing Assets/EffectExamples/Misc Effects/Prefabs/FireFlies.prefab using Guid(379785de5e39005469c875710d3cc5a7) Importer(815301076,1909f56bfc062723c751e8b465ee728b)  -> (artifact id: '89704e71dde1613f31b67c352ab6abf5') in 0.044462 seconds 
========================================================================
Received Import Request.
  Time since last request: 11.615526 seconds.
  path: Assets/EffectExamples/Misc Effects/Materials/SmokePuff.mat
  artifactKey: Guid(5545993361f7ef8479dce19256c84f06) Importer(815301076,1909f56bfc062723c751e8b465ee728b)
Start importing Assets/EffectExamples/Misc Effects/Materials/SmokePuff.mat using Guid(5545993361f7ef8479dce19256c84f06) Importer(815301076,1909f56bfc062723c751e8b465ee728b)  -> (artifact id: '479a61379cc6fea2398cfea4bb24560b') in 0.061650 seconds 
========================================================================
Received Import Request.
  Time since last request: 0.811625 seconds.
  path: Assets/EffectExamples/Misc Effects/Materials/Embers.mat
  artifactKey: Guid(93c97da0a9a11174ab89575db81f7917) Importer(815301076,1909f56bfc062723c751e8b465ee728b)
Start importing Assets/EffectExamples/Misc Effects/Materials/Embers.mat using Guid(93c97da0a9a11174ab89575db81f7917) Importer(815301076,1909f56bfc062723c751e8b465ee728b)  -> (artifact id: 'f488e6143b2bed88b463716f69fd37a1') in 0.012857 seconds 
========================================================================
Received Import Request.
  Time since last request: 15.482818 seconds.
  path: Assets/EffectExamples/Misc Effects/Materials/SandSwirls.mat
  artifactKey: Guid(795ab1f41a8fd4142859110cee203fd7) Importer(815301076,1909f56bfc062723c751e8b465ee728b)
Start importing Assets/EffectExamples/Misc Effects/Materials/SandSwirls.mat using Guid(795ab1f41a8fd4142859110cee203fd7) Importer(815301076,1909f56bfc062723c751e8b465ee728b)  -> (artifact id: 'f5fbbe254e8c06d7d46a963d45c1d499') in 0.016069 seconds 
========================================================================
Received Import Request.
  Time since last request: 6.597537 seconds.
  path: Assets/EffectExamples/Misc Effects/Models/FireFly.fbx
  artifactKey: Guid(dc6b02b1d8deafa448e0985c40c217ae) Importer(815301076,1909f56bfc062723c751e8b465ee728b)
Start importing Assets/EffectExamples/Misc Effects/Models/FireFly.fbx using Guid(dc6b02b1d8deafa448e0985c40c217ae) Importer(815301076,1909f56bfc062723c751e8b465ee728b)  -> (artifact id: '77e24038f519f8340bc7c2b01c4fa38b') in 0.032431 seconds 
========================================================================
Received Import Request.
  Time since last request: 7.336239 seconds.
  path: Assets/EffectExamples/Misc Effects/Materials/DustMote.mat
  artifactKey: Guid(e27a3e2f84809914fa5bf3a7ac14ce9f) Importer(815301076,1909f56bfc062723c751e8b465ee728b)
Start importing Assets/EffectExamples/Misc Effects/Materials/DustMote.mat using Guid(e27a3e2f84809914fa5bf3a7ac14ce9f) Importer(815301076,1909f56bfc062723c751e8b465ee728b)  -> (artifact id: 'c6237516c93feb0af20d7b6ebdbf4eb3') in 0.014152 seconds 
========================================================================
Received Import Request.
  Time since last request: 11.574507 seconds.
  path: Assets/EffectExamples/Misc Effects/Models/Flakes.fbx
  artifactKey: Guid(dc789956fe23a1941adff98b407addf0) Importer(815301076,1909f56bfc062723c751e8b465ee728b)
Start importing Assets/EffectExamples/Misc Effects/Models/Flakes.fbx using Guid(dc789956fe23a1941adff98b407addf0) Importer(815301076,1909f56bfc062723c751e8b465ee728b)  -> (artifact id: '3d89522134dcf83f4a5f9d6b1328cfd7') in 0.079479 seconds 
========================================================================
Received Import Request.
  Time since last request: 17.873878 seconds.
  path: Assets/EffectExamples/Smoke & Steam Effects
  artifactKey: Guid(a5105affb5d3055448de0ec9cde1dbd5) Importer(815301076,1909f56bfc062723c751e8b465ee728b)
Start importing Assets/EffectExamples/Smoke & Steam Effects using Guid(a5105affb5d3055448de0ec9cde1dbd5) Importer(815301076,1909f56bfc062723c751e8b465ee728b)  -> (artifact id: '1dd479f2a06d38cd6c58a88c473fe559') in 0.006242 seconds 
========================================================================
Received Import Request.
  Time since last request: 1.277481 seconds.
  path: Assets/EffectExamples/Smoke & Steam Effects/Prefabs
  artifactKey: Guid(dbfd7946be19cfa47b39e4ca9a17c511) Importer(815301076,1909f56bfc062723c751e8b465ee728b)
Start importing Assets/EffectExamples/Smoke & Steam Effects/Prefabs using Guid(dbfd7946be19cfa47b39e4ca9a17c511) Importer(815301076,1909f56bfc062723c751e8b465ee728b)  -> (artifact id: 'eb5dacd081183a4b269d39972abe5688') in 0.002589 seconds 
========================================================================
Received Import Request.
  Time since last request: 0.018981 seconds.
  path: Assets/EffectExamples/Smoke & Steam Effects/Prefabs/DustStorm.prefab
  artifactKey: Guid(9e03786a9517b604d8e930182607a128) Importer(815301076,1909f56bfc062723c751e8b465ee728b)
Start importing Assets/EffectExamples/Smoke & Steam Effects/Prefabs/DustStorm.prefab using Guid(9e03786a9517b604d8e930182607a128) Importer(815301076,1909f56bfc062723c751e8b465ee728b)  -> (artifact id: '2b8c61cb1f107448eb5d0b6856db46eb') in 0.021722 seconds 
========================================================================
Received Import Request.
  Time since last request: 0.000140 seconds.
  path: Assets/EffectExamples/Smoke & Steam Effects/Prefabs/SmokeEffect.prefab
  artifactKey: Guid(73767e07adddc394d82b994801f89bbb) Importer(815301076,1909f56bfc062723c751e8b465ee728b)
Start importing Assets/EffectExamples/Smoke & Steam Effects/Prefabs/SmokeEffect.prefab using Guid(73767e07adddc394d82b994801f89bbb) Importer(815301076,1909f56bfc062723c751e8b465ee728b)  -> (artifact id: '35d579b8399eef51b4b718abc2d20b1e') in 0.115687 seconds 
========================================================================
Received Import Request.
  Time since last request: 0.000166 seconds.
  path: Assets/EffectExamples/Smoke & Steam Effects/Prefabs/Heat Distortion.prefab
  artifactKey: Guid(ea309e8646148c24ab067d84d5d22697) Importer(815301076,1909f56bfc062723c751e8b465ee728b)
Start importing Assets/EffectExamples/Smoke & Steam Effects/Prefabs/Heat Distortion.prefab using Guid(ea309e8646148c24ab067d84d5d22697) Importer(815301076,1909f56bfc062723c751e8b465ee728b)  -> (artifact id: '7f3e83344c1cd4037de39c657a06f981') in 0.137213 seconds 
========================================================================
Received Import Request.
  Time since last request: 0.000173 seconds.
  path: Assets/EffectExamples/Smoke & Steam Effects/Prefabs/Steam.prefab
  artifactKey: Guid(378b2c30ef426554495292cb902cb8f4) Importer(815301076,1909f56bfc062723c751e8b465ee728b)
Start importing Assets/EffectExamples/Smoke & Steam Effects/Prefabs/Steam.prefab using Guid(378b2c30ef426554495292cb902cb8f4) Importer(815301076,1909f56bfc062723c751e8b465ee728b)  -> (artifact id: '1a95d2f54d9372938f43d8e88a468c7a') in 0.071614 seconds 
========================================================================
Received Import Request.
  Time since last request: 0.000153 seconds.
  path: Assets/EffectExamples/Smoke & Steam Effects/Prefabs/GroundFog.prefab
  artifactKey: Guid(1a365141225c22e49a7bb976869b22a8) Importer(815301076,1909f56bfc062723c751e8b465ee728b)
Start importing Assets/EffectExamples/Smoke & Steam Effects/Prefabs/GroundFog.prefab using Guid(1a365141225c22e49a7bb976869b22a8) Importer(815301076,1909f56bfc062723c751e8b465ee728b)  -> (artifact id: 'd99f6894a67e3946bee6563573a1d184') in 0.068902 seconds 
========================================================================
Received Import Request.
  Time since last request: 0.000181 seconds.
  path: Assets/EffectExamples/Smoke & Steam Effects/Prefabs/RocketTrail.prefab
  artifactKey: Guid(ef134ce1a2a98d94fb68c860d9c736c6) Importer(815301076,1909f56bfc062723c751e8b465ee728b)
Start importing Assets/EffectExamples/Smoke & Steam Effects/Prefabs/RocketTrail.prefab using Guid(ef134ce1a2a98d94fb68c860d9c736c6) Importer(815301076,1909f56bfc062723c751e8b465ee728b)  -> (artifact id: '7fd280ab55d72eefa8665f00dbeec391') in 0.069943 seconds 
========================================================================
Received Import Request.
  Time since last request: 0.000153 seconds.
  path: Assets/EffectExamples/Smoke & Steam Effects/Prefabs/RisingSteam.prefab
  artifactKey: Guid(efe021d4c307b5449b8121d46791cf95) Importer(815301076,1909f56bfc062723c751e8b465ee728b)
Start importing Assets/EffectExamples/Smoke & Steam Effects/Prefabs/RisingSteam.prefab using Guid(efe021d4c307b5449b8121d46791cf95) Importer(815301076,1909f56bfc062723c751e8b465ee728b)  -> (artifact id: '922cfd3ef190a3f0c75ed040c3cd50a3') in 0.152444 seconds 
========================================================================
Received Import Request.
  Time since last request: 0.000531 seconds.
  path: Assets/EffectExamples/Smoke & Steam Effects/Prefabs/PressurisedSteam.prefab
  artifactKey: Guid(61bb62591466c3649bdf4905822d72f6) Importer(815301076,1909f56bfc062723c751e8b465ee728b)
Start importing Assets/EffectExamples/Smoke & Steam Effects/Prefabs/PressurisedSteam.prefab using Guid(61bb62591466c3649bdf4905822d72f6) Importer(815301076,1909f56bfc062723c751e8b465ee728b)  -> (artifact id: '9fb2ca6bf0adaab929ce80b4cca71015') in 0.079033 seconds 
========================================================================
Received Import Request.
  Time since last request: 0.000183 seconds.
  path: Assets/EffectExamples/Smoke & Steam Effects/Prefabs/PoisonGas.prefab
  artifactKey: Guid(6f672a31584a6a748912a49c1dce2f0c) Importer(815301076,1909f56bfc062723c751e8b465ee728b)
Start importing Assets/EffectExamples/Smoke & Steam Effects/Prefabs/PoisonGas.prefab using Guid(6f672a31584a6a748912a49c1dce2f0c) Importer(815301076,1909f56bfc062723c751e8b465ee728b)  -> (artifact id: 'ebd0e0380f65ec9277b25444c2841305') in 0.069611 seconds 
========================================================================
Received Import Request.
  Time since last request: 1.004344 seconds.
  path: Assets/EffectExamples/Smoke & Steam Effects/Materials/Dust.mat
  artifactKey: Guid(0227585ad08c3da4ab3286a2f78d42f5) Importer(815301076,1909f56bfc062723c751e8b465ee728b)
Start importing Assets/EffectExamples/Smoke & Steam Effects/Materials/Dust.mat using Guid(0227585ad08c3da4ab3286a2f78d42f5) Importer(815301076,1909f56bfc062723c751e8b465ee728b)  -> (artifact id: 'c7a437a3d598007880f327adf82b1947') in 0.088128 seconds 
========================================================================
Received Import Request.
  Time since last request: 1.631173 seconds.
  path: Assets/EffectExamples/Smoke & Steam Effects/Materials/GroundFog.mat
  artifactKey: Guid(f96090edaea7c564c80586f4385918fd) Importer(815301076,1909f56bfc062723c751e8b465ee728b)
Start importing Assets/EffectExamples/Smoke & Steam Effects/Materials/GroundFog.mat using Guid(f96090edaea7c564c80586f4385918fd) Importer(815301076,1909f56bfc062723c751e8b465ee728b)  -> (artifact id: '572da3278ff8afe9c3862ebcfcb0ac84') in 0.069942 seconds 
========================================================================
Received Import Request.
  Time since last request: 2.957743 seconds.
  path: Assets/EffectExamples/Smoke & Steam Effects/Materials/HeatDistortion.mat
  artifactKey: Guid(3c90f41c7ad75cd4db41faa565660d18) Importer(815301076,1909f56bfc062723c751e8b465ee728b)
Start importing Assets/EffectExamples/Smoke & Steam Effects/Materials/HeatDistortion.mat using Guid(3c90f41c7ad75cd4db41faa565660d18) Importer(815301076,1909f56bfc062723c751e8b465ee728b)  -> (artifact id: '8c554271b4679563f37553c1d4a7d8b3') in 0.161890 seconds 
========================================================================
Received Import Request.
  Time since last request: 2.473018 seconds.
  path: Assets/EffectExamples/Smoke & Steam Effects/Materials/wispySmoke.mat
  artifactKey: Guid(4cd7f6cf6430b2347803bd0c957fbbce) Importer(815301076,1909f56bfc062723c751e8b465ee728b)
Start importing Assets/EffectExamples/Smoke & Steam Effects/Materials/wispySmoke.mat using Guid(4cd7f6cf6430b2347803bd0c957fbbce) Importer(815301076,1909f56bfc062723c751e8b465ee728b)  -> (artifact id: 'ca14a094edd9fff4ea986bdf38154152') in 0.089283 seconds 
========================================================================
Received Import Request.
  Time since last request: 3.818725 seconds.
  path: Assets/EffectExamples/Smoke & Steam Effects/Materials/SmokeySteam01.mat
  artifactKey: Guid(df0a9d4a1d2f26c4eb697a71ac5b82d6) Importer(815301076,1909f56bfc062723c751e8b465ee728b)
Start importing Assets/EffectExamples/Smoke & Steam Effects/Materials/SmokeySteam01.mat using Guid(df0a9d4a1d2f26c4eb697a71ac5b82d6) Importer(815301076,1909f56bfc062723c751e8b465ee728b)  -> (artifact id: '0857bd8986d7203693b169960a9792f1') in 0.065056 seconds 
========================================================================
Received Import Request.
  Time since last request: 6.535766 seconds.
  path: Assets/EffectExamples/Smoke & Steam Effects/Materials/Smoke02.mat
  artifactKey: Guid(43d3e21dd15c3b847957abee25d004d9) Importer(815301076,1909f56bfc062723c751e8b465ee728b)
Start importing Assets/EffectExamples/Smoke & Steam Effects/Materials/Smoke02.mat using Guid(43d3e21dd15c3b847957abee25d004d9) Importer(815301076,1909f56bfc062723c751e8b465ee728b)  -> (artifact id: '698baf784cb0131f1f5b3a73e60c69b2') in 0.071404 seconds 
========================================================================
Received Import Request.
  Time since last request: 2.355644 seconds.
  path: Assets/EffectExamples/Smoke & Steam Effects/Materials/SmokeLight.mat
  artifactKey: Guid(f06455b167e1b0b428c9af62d7aa6832) Importer(815301076,1909f56bfc062723c751e8b465ee728b)
Start importing Assets/EffectExamples/Smoke & Steam Effects/Materials/SmokeLight.mat using Guid(f06455b167e1b0b428c9af62d7aa6832) Importer(815301076,1909f56bfc062723c751e8b465ee728b)  -> (artifact id: '555af605afe40071280f1626113f06ad') in 0.139635 seconds 
========================================================================
Received Import Request.
  Time since last request: 19.260399 seconds.
  path: Assets/EffectExamples/Water Effects
  artifactKey: Guid(ba290491ceddda648bce3f8b178b2353) Importer(815301076,1909f56bfc062723c751e8b465ee728b)
Start importing Assets/EffectExamples/Water Effects using Guid(ba290491ceddda648bce3f8b178b2353) Importer(815301076,1909f56bfc062723c751e8b465ee728b)  -> (artifact id: 'd5ff3ae2d185d67d3a78698a6244b346') in 0.007552 seconds 
========================================================================
Received Import Request.
  Time since last request: 1.377380 seconds.
  path: Assets/EffectExamples/Water Effects/Prefabs
  artifactKey: Guid(527a225033593d040b9de296117f335e) Importer(815301076,1909f56bfc062723c751e8b465ee728b)
Start importing Assets/EffectExamples/Water Effects/Prefabs using Guid(527a225033593d040b9de296117f335e) Importer(815301076,1909f56bfc062723c751e8b465ee728b)  -> (artifact id: 'e2397cdcdeb070eab48106932a418020') in 0.002695 seconds 
========================================================================
Received Import Request.
  Time since last request: 0.055694 seconds.
  path: Assets/EffectExamples/Water Effects/Prefabs/BigSplash.prefab
  artifactKey: Guid(c1c88308ebb5d2541a282905b854ee4c) Importer(815301076,1909f56bfc062723c751e8b465ee728b)
Start importing Assets/EffectExamples/Water Effects/Prefabs/BigSplash.prefab using Guid(c1c88308ebb5d2541a282905b854ee4c) Importer(815301076,1909f56bfc062723c751e8b465ee728b)  -> (artifact id: 'bbbbb7d82b54acb574937fb20213a302') in 0.021980 seconds 
========================================================================
Received Import Request.
  Time since last request: 0.000178 seconds.
  path: Assets/EffectExamples/Water Effects/Prefabs/Shower.prefab
  artifactKey: Guid(3d19250bdd4e0df4c8da855e85a8d70b) Importer(815301076,1909f56bfc062723c751e8b465ee728b)
Start importing Assets/EffectExamples/Water Effects/Prefabs/Shower.prefab using Guid(3d19250bdd4e0df4c8da855e85a8d70b) Importer(815301076,1909f56bfc062723c751e8b465ee728b)  -> (artifact id: 'c715d45e8f8fc273b1ad7f2ea67ed345') in 0.115628 seconds 
========================================================================
Received Import Request.
  Time since last request: 0.000161 seconds.
  path: Assets/EffectExamples/Water Effects/Prefabs/WaterLeak.prefab
  artifactKey: Guid(a82a87e68ab906d4bbf876f687e2a155) Importer(815301076,1909f56bfc062723c751e8b465ee728b)
Start importing Assets/EffectExamples/Water Effects/Prefabs/WaterLeak.prefab using Guid(a82a87e68ab906d4bbf876f687e2a155) Importer(815301076,1909f56bfc062723c751e8b465ee728b)  -> (artifact id: 'cb034ae5ca1cd41f9bb8d28113123bbd') in 0.031359 seconds 
========================================================================
Received Import Request.
  Time since last request: 1.256276 seconds.
  path: Assets/EffectExamples/Water Effects/Materials/Splash.mat
  artifactKey: Guid(0491051b82b09be4eaa3b2224971acc7) Importer(815301076,1909f56bfc062723c751e8b465ee728b)
Start importing Assets/EffectExamples/Water Effects/Materials/Splash.mat using Guid(0491051b82b09be4eaa3b2224971acc7) Importer(815301076,1909f56bfc062723c751e8b465ee728b)  -> (artifact id: '7ec2458fbaf21770ac5ca93024a51d6a') in 0.145237 seconds 
========================================================================
Received Import Request.
  Time since last request: 5.456837 seconds.
  path: Assets/EffectExamples/Water Effects/Materials/WaterDropSmall.mat
  artifactKey: Guid(c4d4365c3eeb8a54183f5af15699021d) Importer(815301076,1909f56bfc062723c751e8b465ee728b)
Start importing Assets/EffectExamples/Water Effects/Materials/WaterDropSmall.mat using Guid(c4d4365c3eeb8a54183f5af15699021d) Importer(815301076,1909f56bfc062723c751e8b465ee728b)  -> (artifact id: '9c21985c5bc13f51066292d0d5c9c765') in 0.018201 seconds 
========================================================================
Received Import Request.
  Time since last request: 9.717761 seconds.
  path: Assets/EffectExamples/Weapon Effects
  artifactKey: Guid(a693b7e7a750f4142beaa792c5791927) Importer(815301076,1909f56bfc062723c751e8b465ee728b)
Start importing Assets/EffectExamples/Weapon Effects using Guid(a693b7e7a750f4142beaa792c5791927) Importer(815301076,1909f56bfc062723c751e8b465ee728b)  -> (artifact id: '80761947dc6275d5e542f0ca5bd8c077') in 0.006602 seconds 
========================================================================
Received Import Request.
  Time since last request: 0.851334 seconds.
  path: Assets/EffectExamples/Weapon Effects/Prefabs
  artifactKey: Guid(66b2958180b2bf2499ff4c4b6a684d80) Importer(815301076,1909f56bfc062723c751e8b465ee728b)
Start importing Assets/EffectExamples/Weapon Effects/Prefabs using Guid(66b2958180b2bf2499ff4c4b6a684d80) Importer(815301076,1909f56bfc062723c751e8b465ee728b)  -> (artifact id: 'c0bcee5d2d3ba914900a80bb1ce0014c') in 0.003566 seconds 
========================================================================
Received Import Request.
  Time since last request: 0.029446 seconds.
  path: Assets/EffectExamples/Weapon Effects/Prefabs/FleshImpacts.prefab
  artifactKey: Guid(24b82347924701148a13c746edfb6b22) Importer(815301076,1909f56bfc062723c751e8b465ee728b)
Start importing Assets/EffectExamples/Weapon Effects/Prefabs/FleshImpacts.prefab using Guid(24b82347924701148a13c746edfb6b22) Importer(815301076,1909f56bfc062723c751e8b465ee728b)  -> (artifact id: '44497194bb48c2950b084b8392b0b241') in 0.116858 seconds 
========================================================================
Received Import Request.
  Time since last request: 0.000156 seconds.
  path: Assets/EffectExamples/Weapon Effects/Prefabs/MuzzleFlash01.prefab
  artifactKey: Guid(ad2ab49d0a2a17148bd51c93d977bdbc) Importer(815301076,1909f56bfc062723c751e8b465ee728b)
Start importing Assets/EffectExamples/Weapon Effects/Prefabs/MuzzleFlash01.prefab using Guid(ad2ab49d0a2a17148bd51c93d977bdbc) Importer(815301076,1909f56bfc062723c751e8b465ee728b)  -> (artifact id: 'aabce0f2289df118a941709412d49252') in 0.034624 seconds 
========================================================================
Received Import Request.
  Time since last request: 0.000143 seconds.
  path: Assets/EffectExamples/Weapon Effects/Prefabs/MetalImpacts.prefab
  artifactKey: Guid(44be68b4fc4366142a9cd1ae1f761ea4) Importer(815301076,1909f56bfc062723c751e8b465ee728b)
Start importing Assets/EffectExamples/Weapon Effects/Prefabs/MetalImpacts.prefab using Guid(44be68b4fc4366142a9cd1ae1f761ea4) Importer(815301076,1909f56bfc062723c751e8b465ee728b)  -> (artifact id: '37e38ef7979a9486c65df83ee87b6422') in 0.097483 seconds 
========================================================================
Received Import Request.
  Time since last request: 0.000182 seconds.
  path: Assets/EffectExamples/Weapon Effects/Prefabs/StoneImpacts.prefab
  artifactKey: Guid(8b7a1ffda5bb7474b8fae646c45ce7b4) Importer(815301076,1909f56bfc062723c751e8b465ee728b)
Start importing Assets/EffectExamples/Weapon Effects/Prefabs/StoneImpacts.prefab using Guid(8b7a1ffda5bb7474b8fae646c45ce7b4) Importer(815301076,1909f56bfc062723c751e8b465ee728b)  -> (artifact id: '402981050229fcac24834490137aa929') in 0.129561 seconds 
========================================================================
Received Import Request.
  Time since last request: 0.000162 seconds.
  path: Assets/EffectExamples/Weapon Effects/Prefabs/SandImpacts.prefab
  artifactKey: Guid(bca9020d2c9c915448fb5263a425faf4) Importer(815301076,1909f56bfc062723c751e8b465ee728b)
Start importing Assets/EffectExamples/Weapon Effects/Prefabs/SandImpacts.prefab using Guid(bca9020d2c9c915448fb5263a425faf4) Importer(815301076,1909f56bfc062723c751e8b465ee728b)  -> (artifact id: 'd2108df23d4b56c0e7d72b305ae085b8') in 0.041806 seconds 
========================================================================
Received Import Request.
  Time since last request: 0.000177 seconds.
  path: Assets/EffectExamples/Weapon Effects/Prefabs/WoodImpacts.prefab
  artifactKey: Guid(3c0b5f221ea995442b9d11dc526de1c0) Importer(815301076,1909f56bfc062723c751e8b465ee728b)
Start importing Assets/EffectExamples/Weapon Effects/Prefabs/WoodImpacts.prefab using Guid(3c0b5f221ea995442b9d11dc526de1c0) Importer(815301076,1909f56bfc062723c751e8b465ee728b)  -> (artifact id: '3cd52a9d2ee8f7f68026cb658d611150') in 0.125895 seconds 
========================================================================
Received Import Request.
  Time since last request: 6.325482 seconds.
  path: Assets/EffectExamples/Weapon Effects/Materials/MuzzleFlash01.mat
  artifactKey: Guid(a8cb413d77ceb054abf10c2c6ee66337) Importer(815301076,1909f56bfc062723c751e8b465ee728b)
Start importing Assets/EffectExamples/Weapon Effects/Materials/MuzzleFlash01.mat using Guid(a8cb413d77ceb054abf10c2c6ee66337) Importer(815301076,1909f56bfc062723c751e8b465ee728b)  -> (artifact id: '22c9081b556fb25158c78be385b23e08') in 0.071679 seconds 
========================================================================
Received Import Request.
  Time since last request: 17.708565 seconds.
  path: Assets/EffectExamples/Fire & Explosion Effects/Materials
  artifactKey: Guid(d55d5882cc8028a459a0a5793070b388) Importer(815301076,1909f56bfc062723c751e8b465ee728b)
Start importing Assets/EffectExamples/Fire & Explosion Effects/Materials using Guid(d55d5882cc8028a459a0a5793070b388) Importer(815301076,1909f56bfc062723c751e8b465ee728b)  -> (artifact id: 'a6ecc7ba153c0c07df34655dbd8bb39b') in 0.006044 seconds 
========================================================================
Received Import Request.
  Time since last request: 0.092927 seconds.
  path: Assets/EffectExamples/Fire & Explosion Effects/Materials/DebrisParticle.mat
  artifactKey: Guid(72815344e9e9c7446895e130936932d7) Importer(815301076,1909f56bfc062723c751e8b465ee728b)
Start importing Assets/EffectExamples/Fire & Explosion Effects/Materials/DebrisParticle.mat using Guid(72815344e9e9c7446895e130936932d7) Importer(815301076,1909f56bfc062723c751e8b465ee728b)  -> (artifact id: '29e9ae0fda1990faec2bd2622ec3d1ac') in 0.018290 seconds 
========================================================================
Received Import Request.
  Time since last request: 0.000190 seconds.
  path: Assets/EffectExamples/Fire & Explosion Effects/Materials/Embers.mat
  artifactKey: Guid(776677ab3818fb249adaca05f4e04545) Importer(815301076,1909f56bfc062723c751e8b465ee728b)
Start importing Assets/EffectExamples/Fire & Explosion Effects/Materials/Embers.mat using Guid(776677ab3818fb249adaca05f4e04545) Importer(815301076,1909f56bfc062723c751e8b465ee728b)  -> (artifact id: '04a82743075514658f1ad7d23ba12085') in 0.011210 seconds 
========================================================================
Received Import Request.
  Time since last request: 0.000222 seconds.
  path: Assets/EffectExamples/Fire & Explosion Effects/Materials/ExplosionDistortion.mat
  artifactKey: Guid(fafa06e8ef8c7fb4eac7a74c65cf3a06) Importer(815301076,1909f56bfc062723c751e8b465ee728b)
Start importing Assets/EffectExamples/Fire & Explosion Effects/Materials/ExplosionDistortion.mat using Guid(fafa06e8ef8c7fb4eac7a74c65cf3a06) Importer(815301076,1909f56bfc062723c751e8b465ee728b)  -> (artifact id: 'ab0b3b882f94a9a9d3fa37a4f5f782bf') in 0.020143 seconds 
========================================================================
Received Import Request.
  Time since last request: 0.000218 seconds.
  path: Assets/EffectExamples/Fire & Explosion Effects/Materials/Lightning.mat
  artifactKey: Guid(0b1b6a2d22d96564f9037ae143ea84cf) Importer(815301076,1909f56bfc062723c751e8b465ee728b)
Start importing Assets/EffectExamples/Fire & Explosion Effects/Materials/Lightning.mat using Guid(0b1b6a2d22d96564f9037ae143ea84cf) Importer(815301076,1909f56bfc062723c751e8b465ee728b)  -> (artifact id: 'c9d3142505877f0b823013267fca40c3') in 0.018931 seconds 
========================================================================
Received Import Request.
  Time since last request: 0.000168 seconds.
  path: Assets/EffectExamples/Fire & Explosion Effects/Materials/PlasmaExplosion.mat
  artifactKey: Guid(7ff1ab0b724442843965e2dd0f02e969) Importer(815301076,1909f56bfc062723c751e8b465ee728b)
Start importing Assets/EffectExamples/Fire & Explosion Effects/Materials/PlasmaExplosion.mat using Guid(7ff1ab0b724442843965e2dd0f02e969) Importer(815301076,1909f56bfc062723c751e8b465ee728b)  -> (artifact id: 'd6ca997f93d97769b5bd0a0940a409bb') in 0.074287 seconds 
========================================================================
Received Import Request.
  Time since last request: 0.000151 seconds.
  path: Assets/EffectExamples/Fire & Explosion Effects/Materials/EnergyShockwave.mat
  artifactKey: Guid(65586f2fde3974c4e9469dfe6cf89338) Importer(815301076,1909f56bfc062723c751e8b465ee728b)
Start importing Assets/EffectExamples/Fire & Explosion Effects/Materials/EnergyShockwave.mat using Guid(65586f2fde3974c4e9469dfe6cf89338) Importer(815301076,1909f56bfc062723c751e8b465ee728b)  -> (artifact id: '4a41d80d2cb1621baf00361fbe0a29b0') in 0.018897 seconds 
========================================================================
Received Import Request.
  Time since last request: 0.000205 seconds.
  path: Assets/EffectExamples/Fire & Explosion Effects/Materials/SmokeDark.mat
  artifactKey: Guid(698a8134f4ebbbd4e848648685f68067) Importer(815301076,1909f56bfc062723c751e8b465ee728b)
Start importing Assets/EffectExamples/Fire & Explosion Effects/Materials/SmokeDark.mat using Guid(698a8134f4ebbbd4e848648685f68067) Importer(815301076,1909f56bfc062723c751e8b465ee728b)  -> (artifact id: 'dc07981aadff31c2d2c5aaebc281f425') in 0.065874 seconds 
========================================================================
Received Import Request.
  Time since last request: 0.000185 seconds.
  path: Assets/EffectExamples/Fire & Explosion Effects/Materials/SandParticle.mat
  artifactKey: Guid(4ea8613283885aa45a5c6eb29a50bdb0) Importer(815301076,1909f56bfc062723c751e8b465ee728b)
Start importing Assets/EffectExamples/Fire & Explosion Effects/Materials/SandParticle.mat using Guid(4ea8613283885aa45a5c6eb29a50bdb0) Importer(815301076,1909f56bfc062723c751e8b465ee728b)  -> (artifact id: '9c7c5826a3ba78e9a2aa1e368137ce22') in 0.014513 seconds 
========================================================================
Received Import Request.
  Time since last request: 0.000181 seconds.
  path: Assets/EffectExamples/Fire & Explosion Effects/Materials/MediumFlame03.mat
  artifactKey: Guid(6b187db0c2e012840b1199ccf0893b54) Importer(815301076,1909f56bfc062723c751e8b465ee728b)
Start importing Assets/EffectExamples/Fire & Explosion Effects/Materials/MediumFlame03.mat using Guid(6b187db0c2e012840b1199ccf0893b54) Importer(815301076,1909f56bfc062723c751e8b465ee728b)  -> (artifact id: '1fe61c2ecfed77e2773e6d2b08d726a2') in 0.067834 seconds 
========================================================================
Received Import Request.
  Time since last request: 0.000176 seconds.
  path: Assets/EffectExamples/Fire & Explosion Effects/Materials/Flame03.mat
  artifactKey: Guid(d7f098ed9997e714193be5e86df013f4) Importer(815301076,1909f56bfc062723c751e8b465ee728b)
Start importing Assets/EffectExamples/Fire & Explosion Effects/Materials/Flame03.mat using Guid(d7f098ed9997e714193be5e86df013f4) Importer(815301076,1909f56bfc062723c751e8b465ee728b)  -> (artifact id: 'b38af2c65aeda8181d37ed793a25c1b6') in 0.080127 seconds 
========================================================================
Received Import Request.
  Time since last request: 0.000169 seconds.
  path: Assets/EffectExamples/Fire & Explosion Effects/Materials/LightningTrail.mat
  artifactKey: Guid(123ac6dc79004e54b8b352a7e64acdca) Importer(815301076,1909f56bfc062723c751e8b465ee728b)
Start importing Assets/EffectExamples/Fire & Explosion Effects/Materials/LightningTrail.mat using Guid(123ac6dc79004e54b8b352a7e64acdca) Importer(815301076,1909f56bfc062723c751e8b465ee728b)  -> (artifact id: '12721009d23891e3ed865b57688f248a') in 0.015208 seconds 
========================================================================
Received Import Request.
  Time since last request: 0.000137 seconds.
  path: Assets/EffectExamples/Fire & Explosion Effects/Materials/Flame02.mat
  artifactKey: Guid(bd8c234372a08af408b82538314378fe) Importer(815301076,1909f56bfc062723c751e8b465ee728b)
Start importing Assets/EffectExamples/Fire & Explosion Effects/Materials/Flame02.mat using Guid(bd8c234372a08af408b82538314378fe) Importer(815301076,1909f56bfc062723c751e8b465ee728b)  -> (artifact id: '44eabacbc64aa399f96e703c344a72d9') in 0.058424 seconds 
========================================================================
Received Import Request.
  Time since last request: 0.000160 seconds.
  path: Assets/EffectExamples/Fire & Explosion Effects/Materials/Flame04.mat
  artifactKey: Guid(7a812f56d512d964ea8de8fe839e1811) Importer(815301076,1909f56bfc062723c751e8b465ee728b)
Start importing Assets/EffectExamples/Fire & Explosion Effects/Materials/Flame04.mat using Guid(7a812f56d512d964ea8de8fe839e1811) Importer(815301076,1909f56bfc062723c751e8b465ee728b)  -> (artifact id: '942e23cc7617b12f0f5ec25ea568cdc9') in 0.070594 seconds 
========================================================================
Received Import Request.
  Time since last request: 0.000189 seconds.
  path: Assets/EffectExamples/Fire & Explosion Effects/Materials/MediumFlame02.mat
  artifactKey: Guid(aa233f4c021449540865a6be1af7b157) Importer(815301076,1909f56bfc062723c751e8b465ee728b)
Start importing Assets/EffectExamples/Fire & Explosion Effects/Materials/MediumFlame02.mat using Guid(aa233f4c021449540865a6be1af7b157) Importer(815301076,1909f56bfc062723c751e8b465ee728b)  -> (artifact id: '6b0bafb9e47146d62fc87b03154c0ada') in 0.077747 seconds 
========================================================================
Received Import Request.
  Time since last request: 160.472395 seconds.
  path: Assets/EffectExamples/Fire & Explosion Effects/Textures/LightningTrail.tif
  artifactKey: Guid(06e4a78c75e10c145a9156e32089ec9c) Importer(815301076,1909f56bfc062723c751e8b465ee728b)
Start importing Assets/EffectExamples/Fire & Explosion Effects/Textures/LightningTrail.tif using Guid(06e4a78c75e10c145a9156e32089ec9c) Importer(815301076,1909f56bfc062723c751e8b465ee728b)  -> (artifact id: '4c3ad6af6c080025fce9208448cf49dd') in 0.022221 seconds 
========================================================================
Received Prepare
Registering precompiled user dll's ...
Registered in 0.007806 seconds.
Begin MonoManager ReloadAssembly
Native extension for WindowsStandalone target not found
Refreshing native plugins compatible for Editor in 0.75 ms, found 5 plugins.
Preloading 1 native plugins for Editor in 0.08 ms.
System.Reflection.TargetInvocationException: Exception has been thrown by the target of an invocation. ---> System.NullReferenceException: Object reference not set to an instance of an object
  at Unity.XR.Oculus.OculusLoader.AssetPathToAbsolutePath (System.String assetPath) [0x00048] in C:\Users\Toni\Documents\GitHub\Starry-Night-VR\Starry Night VR\Library\PackageCache\com.unity.xr.oculus@1.11.2\Runtime\OculusLoader.cs:250 
  at Unity.XR.Oculus.OculusLoader.EditorLoadOVRPlugin () [0x0007b] in C:\Users\Toni\Documents\GitHub\Starry-Night-VR\Starry Night VR\Library\PackageCache\com.unity.xr.oculus@1.11.2\Runtime\OculusLoader.cs:235 
  at (wrapper managed-to-native) System.Reflection.MonoMethod.InternalInvoke(System.Reflection.MonoMethod,object,object[],System.Exception&)
  at System.Reflection.MonoMethod.Invoke (System.Object obj, System.Reflection.BindingFlags invokeAttr, System.Reflection.Binder binder, System.Object[] parameters, System.Globalization.CultureInfo culture) [0x00032] in <695d1cc93cca45069c528c15c9fdd749>:0 
   --- End of inner exception stack trace ---
  at System.Reflection.MonoMethod.Invoke (System.Object obj, System.Reflection.BindingFlags invokeAttr, System.Reflection.Binder binder, System.Object[] parameters, System.Globalization.CultureInfo culture) [0x00048] in <695d1cc93cca45069c528c15c9fdd749>:0 
  at System.Reflection.MethodBase.Invoke (System.Object obj, System.Object[] parameters) [0x00000] in <695d1cc93cca45069c528c15c9fdd749>:0 
  at UnityEditor.EditorAssemblies.ProcessInitializeOnLoadMethodAttributes () [0x00047] in <294703faec74477f8b275446429fba82>:0 
UnityEngine.StackTraceUtility:ExtractStackTrace ()
UnityEngine.DebugLogHandler:LogFormat (UnityEngine.LogType,UnityEngine.Object,string,object[])
UnityEngine.Logger:Log (UnityEngine.LogType,object)
UnityEngine.Debug:LogError (object)
UnityEditor.EditorAssemblies:ProcessInitializeOnLoadMethodAttributes ()

Mono: successfully reloaded assembly
- Completed reload, in  1.278 seconds
Domain Reload Profiling:
	ReloadAssembly (1279ms)
		BeginReloadAssembly (127ms)
			ExecutionOrderSort (0ms)
			DisableScriptedObjects (8ms)
			BackupInstance (0ms)
			ReleaseScriptingObjects (0ms)
			CreateAndSetChildDomain (35ms)
		EndReloadAssembly (1090ms)
			LoadAssemblies (105ms)
			RebuildTransferFunctionScriptingTraits (0ms)
			SetupTypeCache (412ms)
			ReleaseScriptCaches (1ms)
			RebuildScriptCaches (43ms)
			SetupLoadedEditorAssemblies (369ms)
				LogAssemblyErrors (0ms)
				InitializePlatformSupportModulesInManaged (3ms)
				SetLoadedEditorAssemblies (0ms)
				RefreshPlugins (1ms)
				BeforeProcessingInitializeOnLoad (97ms)
				ProcessInitializeOnLoadAttributes (242ms)
				ProcessInitializeOnLoadMethodAttributes (20ms)
				AfterProcessingInitializeOnLoad (6ms)
				EditorAssembliesLoaded (0ms)
			ExecutionOrderSort2 (0ms)
			AwakeInstancesAfterBackupRestoration (15ms)
Platform modules already initialized, skipping
Switching build target platform(19) subTarget(0) extendedPlatform(0) -> platform(13) subTarget(589824) extendedPlatform(0)
Refreshing native plugins compatible for Editor in 0.80 ms, found 5 plugins.
Preloading 1 native plugins for Editor in 0.08 ms.
Unloading 3635 Unused Serialized files (Serialized files now loaded: 0)
System memory in use before: 237.3 MB.
System memory in use after: 237.5 MB.

Unloading 19 unused Assets to reduce memory usage. Loaded Objects now: 4349.
Total: 4.020700 ms (FindLiveObjects: 0.284700 ms CreateObjectMapping: 0.087600 ms MarkObjects: 3.563200 ms  DeleteObjects: 0.084200 ms)

AssetImportParameters requested are different than current active one (requested -> active):
  custom:framework-win-MediaFoundation: 216162199b28c13a410421893ffa2e32 -> 
  custom:video-decoder-ogg-theora: a1e56fd34408186e4bbccfd4996cb3dc -> 
  custom:container-muxer-webm: aa71ff27fc2769a1b78a27578f13a17b -> 
  custom:container-demuxer-webm: 4f35f7cbe854078d1ac9338744f61a02 -> 
  custom:container-demuxer-ogg: 62fdf1f143b41e24485cea50d1cbac27 -> 
  custom:video-encoder-webm-vp8: eb34c28f22e8b96e1ab97ce403110664 -> 
  custom:video-decoder-webm-vp8: 9c59270c3fd7afecdb556c50c9e8de78 -> 
  custom:graphics/normal-map-encoding: 01000000000000000000000000000000 -> 02000000000000000000000000000000
  custom:audio-decoder-ogg-vorbis: bf7c407c2cedff20999df2af8eb42d56 -> 
  custom:audio-encoder-webm-vorbis: bf7c407c2cedff20999df2af8eb42d56 -> 
========================================================================
Received Import Request.
  Time since last request: 624.014772 seconds.
  path: Assets/EffectExamples/Fire & Explosion Effects/Materials/Embers.mat
  artifactKey: Guid(776677ab3818fb249adaca05f4e04545) Importer(815301076,1909f56bfc062723c751e8b465ee728b)
Start importing Assets/EffectExamples/Fire & Explosion Effects/Materials/Embers.mat using Guid(776677ab3818fb249adaca05f4e04545) Importer(815301076,1909f56bfc062723c751e8b465ee728b)  -> (artifact id: '9c2c8e355bdb04f7e384de03e003e3e8') in 0.230608 seconds 
========================================================================
Received Import Request.
  Time since last request: 0.000178 seconds.
  path: Assets/EffectExamples/Fire & Explosion Effects/Materials/Lightning.mat
  artifactKey: Guid(0b1b6a2d22d96564f9037ae143ea84cf) Importer(815301076,1909f56bfc062723c751e8b465ee728b)
Start importing Assets/EffectExamples/Fire & Explosion Effects/Materials/Lightning.mat using Guid(0b1b6a2d22d96564f9037ae143ea84cf) Importer(815301076,1909f56bfc062723c751e8b465ee728b)  -> (artifact id: 'e84194d262ba5d91ac886c0cd2b32c1d') in 0.014204 seconds 
========================================================================
Received Import Request.
  Time since last request: 0.000221 seconds.
  path: Assets/EffectExamples/Fire & Explosion Effects/Materials/EnergyExplosion.mat
  artifactKey: Guid(bf88af72084132746823869f28b070f8) Importer(815301076,1909f56bfc062723c751e8b465ee728b)
Start importing Assets/EffectExamples/Fire & Explosion Effects/Materials/EnergyExplosion.mat using Guid(bf88af72084132746823869f28b070f8) Importer(815301076,1909f56bfc062723c751e8b465ee728b)  -> (artifact id: 'ff1d692d625d9005650f0c0e153c9a90') in 0.062394 seconds 
========================================================================
Received Import Request.
  Time since last request: 0.000170 seconds.
  path: Assets/EffectExamples/Fire & Explosion Effects/Materials/EnergyShockwave.mat
  artifactKey: Guid(65586f2fde3974c4e9469dfe6cf89338) Importer(815301076,1909f56bfc062723c751e8b465ee728b)
Start importing Assets/EffectExamples/Fire & Explosion Effects/Materials/EnergyShockwave.mat using Guid(65586f2fde3974c4e9469dfe6cf89338) Importer(815301076,1909f56bfc062723c751e8b465ee728b)  -> (artifact id: '68730f9cedf036e0577af2cfc185db8c') in 0.015363 seconds 
========================================================================
Received Import Request.
  Time since last request: 0.000180 seconds.
  path: Assets/EffectExamples/Fire & Explosion Effects/Materials/fireball.mat
  artifactKey: Guid(3349fc02d104e2b458470ec533f51c16) Importer(815301076,1909f56bfc062723c751e8b465ee728b)
Start importing Assets/EffectExamples/Fire & Explosion Effects/Materials/fireball.mat using Guid(3349fc02d104e2b458470ec533f51c16) Importer(815301076,1909f56bfc062723c751e8b465ee728b)  -> (artifact id: '12c75e69754b97dbacba6dba1f4cb964') in 0.099383 seconds 
AssetImportWorkerClient::OnTransportError - code=2 error=End of file
